{"meta": {"format": 3, "version": "7.13.5", "timestamp": "2026-04-23T08:44:04.189060", "branch_coverage": true, "show_contexts": false}, "files": {"keynetra/__init__.py": {"executed_lines": [3, 5], "summary": {"covered_lines": 2, "num_statements": 2, "percent_covered": 100.0, "percent_covered_display": "100", "missing_lines": 0, "excluded_lines": 0, "percent_statements_covered": 100.0, "percent_statements_covered_display": "100", "num_branches": 0, "num_partial_branches": 0, "covered_branches": 0, "missing_branches": 0, "percent_branches_covered": 100.0, "percent_branches_covered_display": "100"}, "missing_lines": [], "excluded_lines": [], "executed_branches": [], "missing_branches": [], "functions": {"": {"executed_lines": [3, 5], "summary": {"covered_lines": 2, "num_statements": 2, "percent_covered": 100.0, "percent_covered_display": "100", "missing_lines": 0, "excluded_lines": 0, "percent_statements_covered": 100.0, "percent_statements_covered_display": "100", "num_branches": 0, "num_partial_branches": 0, "covered_branches": 0, "missing_branches": 0, "percent_branches_covered": 100.0, "percent_branches_covered_display": "100"}, "missing_lines": [], "excluded_lines": [], "start_line": 1, "executed_branches": [], "missing_branches": []}}, "classes": {"": {"executed_lines": [3, 5], "summary": {"covered_lines": 2, "num_statements": 2, "percent_covered": 100.0, "percent_covered_display": "100", "missing_lines": 0, "excluded_lines": 0, "percent_statements_covered": 100.0, "percent_statements_covered_display": "100", "num_branches": 0, "num_partial_branches": 0, "covered_branches": 0, "missing_branches": 0, "percent_branches_covered": 100.0, "percent_branches_covered_display": "100"}, "missing_lines": [], "excluded_lines": [], "start_line": 1, "executed_branches": [], "missing_branches": []}}}, "keynetra/api/__init__.py": {"executed_lines": [], "summary": {"covered_lines": 0, "num_statements": 0, "percent_covered": 100.0, "percent_covered_display": "100", "missing_lines": 0, "excluded_lines": 0, "percent_statements_covered": 100.0, "percent_statements_covered_display": "100", "num_branches": 0, "num_partial_branches": 0, "covered_branches": 0, "missing_branches": 0, "percent_branches_covered": 100.0, "percent_branches_covered_display": "100"}, "missing_lines": [], "excluded_lines": [], "executed_branches": [], "missing_branches": [], "functions": {"": {"executed_lines": [], "summary": {"covered_lines": 0, "num_statements": 0, "percent_covered": 100.0, "percent_covered_display": "100", "missing_lines": 0, "excluded_lines": 0, "percent_statements_covered": 100.0, "percent_statements_covered_display": "100", "num_branches": 0, "num_partial_branches": 0, "covered_branches": 0, "missing_branches": 0, "percent_branches_covered": 100.0, "percent_branches_covered_display": "100"}, "missing_lines": [], "excluded_lines": [], "start_line": 1, "executed_branches": [], "missing_branches": []}}, "classes": {"": {"executed_lines": [], "summary": {"covered_lines": 0, "num_statements": 0, "percent_covered": 100.0, "percent_covered_display": "100", "missing_lines": 0, "excluded_lines": 0, "percent_statements_covered": 100.0, "percent_statements_covered_display": "100", "num_branches": 0, "num_partial_branches": 0, "covered_branches": 0, "missing_branches": 0, "percent_branches_covered": 100.0, "percent_branches_covered_display": "100"}, "missing_lines": [], "excluded_lines": [], "start_line": 1, "executed_branches": [], "missing_branches": []}}}, "keynetra/api/dependencies.py": {"executed_lines": [1, 3, 5, 6, 8, 9, 10, 11, 12, 13, 14, 15, 16, 17, 18, 19, 20, 21, 22, 23, 24, 25, 26, 27, 28, 29, 30, 31, 32, 35, 36, 37, 38, 39, 40, 41, 42, 43, 44, 45, 46, 47, 48, 49, 50, 51, 52, 53, 54, 55, 58, 63, 64, 65, 66, 67, 68, 69, 70, 71, 72, 73, 74, 75, 76, 77, 83, 84, 100, 107, 112, 118], "summary": {"covered_lines": 72, "num_statements": 72, "percent_covered": 100.0, "percent_covered_display": "100", "missing_lines": 0, "excluded_lines": 0, "percent_statements_covered": 100.0, "percent_statements_covered_display": "100", "num_branches": 0, "num_partial_branches": 0, "covered_branches": 0, "missing_branches": 0, "percent_branches_covered": 100.0, "percent_branches_covered_display": "100"}, "missing_lines": [], "excluded_lines": [], "executed_branches": [], "missing_branches": [], "functions": {"build_services": {"executed_lines": [63, 64, 65, 66, 67, 68, 69, 70, 71, 72, 73, 74, 75, 76, 77, 83, 84, 100, 107, 112, 118], "summary": {"covered_lines": 21, "num_statements": 21, "percent_covered": 100.0, "percent_covered_display": "100", "missing_lines": 0, "excluded_lines": 0, "percent_statements_covered": 100.0, "percent_statements_covered_display": "100", "num_branches": 0, "num_partial_branches": 0, "covered_branches": 0, "missing_branches": 0, "percent_branches_covered": 100.0, "percent_branches_covered_display": "100"}, "missing_lines": [], "excluded_lines": [], "start_line": 58, "executed_branches": [], "missing_branches": []}, "": {"executed_lines": [1, 3, 5, 6, 8, 9, 10, 11, 12, 13, 14, 15, 16, 17, 18, 19, 20, 21, 22, 23, 24, 25, 26, 27, 28, 29, 30, 31, 32, 35, 36, 37, 38, 39, 40, 41, 42, 43, 44, 45, 46, 47, 48, 49, 50, 51, 52, 53, 54, 55, 58], "summary": {"covered_lines": 51, "num_statements": 51, "percent_covered": 100.0, "percent_covered_display": "100", "missing_lines": 0, "excluded_lines": 0, "percent_statements_covered": 100.0, "percent_statements_covered_display": "100", "num_branches": 0, "num_partial_branches": 0, "covered_branches": 0, "missing_branches": 0, "percent_branches_covered": 100.0, "percent_branches_covered_display": "100"}, "missing_lines": [], "excluded_lines": [], "start_line": 1, "executed_branches": [], "missing_branches": []}}, "classes": {"ServiceContainer": {"executed_lines": [], "summary": {"covered_lines": 0, "num_statements": 0, "percent_covered": 100.0, "percent_covered_display": "100", "missing_lines": 0, "excluded_lines": 0, "percent_statements_covered": 100.0, "percent_statements_covered_display": "100", "num_branches": 0, "num_partial_branches": 0, "covered_branches": 0, "missing_branches": 0, "percent_branches_covered": 100.0, "percent_branches_covered_display": "100"}, "missing_lines": [], "excluded_lines": [], "start_line": 36, "executed_branches": [], "missing_branches": []}, "": {"executed_lines": [1, 3, 5, 6, 8, 9, 10, 11, 12, 13, 14, 15, 16, 17, 18, 19, 20, 21, 22, 23, 24, 25, 26, 27, 28, 29, 30, 31, 32, 35, 36, 37, 38, 39, 40, 41, 42, 43, 44, 45, 46, 47, 48, 49, 50, 51, 52, 53, 54, 55, 58, 63, 64, 65, 66, 67, 68, 69, 70, 71, 72, 73, 74, 75, 76, 77, 83, 84, 100, 107, 112, 118], "summary": {"covered_lines": 72, "num_statements": 72, "percent_covered": 100.0, "percent_covered_display": "100", "missing_lines": 0, "excluded_lines": 0, "percent_statements_covered": 100.0, "percent_statements_covered_display": "100", "num_branches": 0, "num_partial_branches": 0, "covered_branches": 0, "missing_branches": 0, "percent_branches_covered": 100.0, "percent_branches_covered_display": "100"}, "missing_lines": [], "excluded_lines": [], "start_line": 1, "executed_branches": [], "missing_branches": []}}}, "keynetra/api/errors.py": {"executed_lines": [3, 5, 7, 10, 13, 16, 17, 18, 19, 20], "summary": {"covered_lines": 10, "num_statements": 10, "percent_covered": 100.0, "percent_covered_display": "100", "missing_lines": 0, "excluded_lines": 0, "percent_statements_covered": 100.0, "percent_statements_covered_display": "100", "num_branches": 0, "num_partial_branches": 0, "covered_branches": 0, "missing_branches": 0, "percent_branches_covered": 100.0, "percent_branches_covered_display": "100"}, "missing_lines": [], "excluded_lines": [], "executed_branches": [], "missing_branches": [], "functions": {"ApiError.__init__": {"executed_lines": [16, 17, 18, 19, 20], "summary": {"covered_lines": 5, "num_statements": 5, "percent_covered": 100.0, "percent_covered_display": "100", "missing_lines": 0, "excluded_lines": 0, "percent_statements_covered": 100.0, "percent_statements_covered_display": "100", "num_branches": 0, "num_partial_branches": 0, "covered_branches": 0, "missing_branches": 0, "percent_branches_covered": 100.0, "percent_branches_covered_display": "100"}, "missing_lines": [], "excluded_lines": [], "start_line": 13, "executed_branches": [], "missing_branches": []}, "": {"executed_lines": [3, 5, 7, 10, 13], "summary": {"covered_lines": 5, "num_statements": 5, "percent_covered": 100.0, "percent_covered_display": "100", "missing_lines": 0, "excluded_lines": 0, "percent_statements_covered": 100.0, "percent_statements_covered_display": "100", "num_branches": 0, "num_partial_branches": 0, "covered_branches": 0, "missing_branches": 0, "percent_branches_covered": 100.0, "percent_branches_covered_display": "100"}, "missing_lines": [], "excluded_lines": [], "start_line": 1, "executed_branches": [], "missing_branches": []}}, "classes": {"ApiError": {"executed_lines": [16, 17, 18, 19, 20], "summary": {"covered_lines": 5, "num_statements": 5, "percent_covered": 100.0, "percent_covered_display": "100", "missing_lines": 0, "excluded_lines": 0, "percent_statements_covered": 100.0, "percent_statements_covered_display": "100", "num_branches": 0, "num_partial_branches": 0, "covered_branches": 0, "missing_branches": 0, "percent_branches_covered": 100.0, "percent_branches_covered_display": "100"}, "missing_lines": [], "excluded_lines": [], "start_line": 10, "executed_branches": [], "missing_branches": []}, "": {"executed_lines": [3, 5, 7, 10, 13], "summary": {"covered_lines": 5, "num_statements": 5, "percent_covered": 100.0, "percent_covered_display": "100", "missing_lines": 0, "excluded_lines": 0, "percent_statements_covered": 100.0, "percent_statements_covered_display": "100", "num_branches": 0, "num_partial_branches": 0, "covered_branches": 0, "missing_branches": 0, "percent_branches_covered": 100.0, "percent_branches_covered_display": "100"}, "missing_lines": [], "excluded_lines": [], "start_line": 1, "executed_branches": [], "missing_branches": []}}}, "keynetra/api/middleware/__init__.py": {"executed_lines": [], "summary": {"covered_lines": 0, "num_statements": 0, "percent_covered": 100.0, "percent_covered_display": "100", "missing_lines": 0, "excluded_lines": 0, "percent_statements_covered": 100.0, "percent_statements_covered_display": "100", "num_branches": 0, "num_partial_branches": 0, "covered_branches": 0, "missing_branches": 0, "percent_branches_covered": 100.0, "percent_branches_covered_display": "100"}, "missing_lines": [], "excluded_lines": [], "executed_branches": [], "missing_branches": [], "functions": {"": {"executed_lines": [], "summary": {"covered_lines": 0, "num_statements": 0, "percent_covered": 100.0, "percent_covered_display": "100", "missing_lines": 0, "excluded_lines": 0, "percent_statements_covered": 100.0, "percent_statements_covered_display": "100", "num_branches": 0, "num_partial_branches": 0, "covered_branches": 0, "missing_branches": 0, "percent_branches_covered": 100.0, "percent_branches_covered_display": "100"}, "missing_lines": [], "excluded_lines": [], "start_line": 1, "executed_branches": [], "missing_branches": []}}, "classes": {"": {"executed_lines": [], "summary": {"covered_lines": 0, "num_statements": 0, "percent_covered": 100.0, "percent_covered_display": "100", "missing_lines": 0, "excluded_lines": 0, "percent_statements_covered": 100.0, "percent_statements_covered_display": "100", "num_branches": 0, "num_partial_branches": 0, "covered_branches": 0, "missing_branches": 0, "percent_branches_covered": 100.0, "percent_branches_covered_display": "100"}, "missing_lines": [], "excluded_lines": [], "start_line": 1, "executed_branches": [], "missing_branches": []}}}, "keynetra/api/middleware/logging.py": {"executed_lines": [1, 3, 4, 5, 6, 8, 9, 10, 12, 13, 14, 17, 20, 21, 22, 24, 27, 28, 29, 30, 31, 41, 48], "summary": {"covered_lines": 23, "num_statements": 23, "percent_covered": 100.0, "percent_covered_display": "100", "missing_lines": 0, "excluded_lines": 0, "percent_statements_covered": 100.0, "percent_statements_covered_display": "100", "num_branches": 0, "num_partial_branches": 0, "covered_branches": 0, "missing_branches": 0, "percent_branches_covered": 100.0, "percent_branches_covered_display": "100"}, "missing_lines": [], "excluded_lines": [], "executed_branches": [], "missing_branches": [], "functions": {"RequestLoggingMiddleware.__init__": {"executed_lines": [21, 22], "summary": {"covered_lines": 2, "num_statements": 2, "percent_covered": 100.0, "percent_covered_display": "100", "missing_lines": 0, "excluded_lines": 0, "percent_statements_covered": 100.0, "percent_statements_covered_display": "100", "num_branches": 0, "num_partial_branches": 0, "covered_branches": 0, "missing_branches": 0, "percent_branches_covered": 100.0, "percent_branches_covered_display": "100"}, "missing_lines": [], "excluded_lines": [], "start_line": 20, "executed_branches": [], "missing_branches": []}, "RequestLoggingMiddleware.dispatch": {"executed_lines": [27, 28, 29, 30, 31, 41, 48], "summary": {"covered_lines": 7, "num_statements": 7, "percent_covered": 100.0, "percent_covered_display": "100", "missing_lines": 0, "excluded_lines": 0, "percent_statements_covered": 100.0, "percent_statements_covered_display": "100", "num_branches": 0, "num_partial_branches": 0, "covered_branches": 0, "missing_branches": 0, "percent_branches_covered": 100.0, "percent_branches_covered_display": "100"}, "missing_lines": [], "excluded_lines": [], "start_line": 24, "executed_branches": [], "missing_branches": []}, "": {"executed_lines": [1, 3, 4, 5, 6, 8, 9, 10, 12, 13, 14, 17, 20, 24], "summary": {"covered_lines": 14, "num_statements": 14, "percent_covered": 100.0, "percent_covered_display": "100", "missing_lines": 0, "excluded_lines": 0, "percent_statements_covered": 100.0, "percent_statements_covered_display": "100", "num_branches": 0, "num_partial_branches": 0, "covered_branches": 0, "missing_branches": 0, "percent_branches_covered": 100.0, "percent_branches_covered_display": "100"}, "missing_lines": [], "excluded_lines": [], "start_line": 1, "executed_branches": [], "missing_branches": []}}, "classes": {"RequestLoggingMiddleware": {"executed_lines": [21, 22, 27, 28, 29, 30, 31, 41, 48], "summary": {"covered_lines": 9, "num_statements": 9, "percent_covered": 100.0, "percent_covered_display": "100", "missing_lines": 0, "excluded_lines": 0, "percent_statements_covered": 100.0, "percent_statements_covered_display": "100", "num_branches": 0, "num_partial_branches": 0, "covered_branches": 0, "missing_branches": 0, "percent_branches_covered": 100.0, "percent_branches_covered_display": "100"}, "missing_lines": [], "excluded_lines": [], "start_line": 17, "executed_branches": [], "missing_branches": []}, "": {"executed_lines": [1, 3, 4, 5, 6, 8, 9, 10, 12, 13, 14, 17, 20, 24], "summary": {"covered_lines": 14, "num_statements": 14, "percent_covered": 100.0, "percent_covered_display": "100", "missing_lines": 0, "excluded_lines": 0, "percent_statements_covered": 100.0, "percent_statements_covered_display": "100", "num_branches": 0, "num_partial_branches": 0, "covered_branches": 0, "missing_branches": 0, "percent_branches_covered": 100.0, "percent_branches_covered_display": "100"}, "missing_lines": [], "excluded_lines": [], "start_line": 1, "executed_branches": [], "missing_branches": []}}}, "keynetra/api/middleware/request_id.py": {"executed_lines": [1, 3, 4, 6, 7, 8, 10, 18, 26, 28, 31, 32, 33, 34, 35, 36, 37, 38, 40, 41], "summary": {"covered_lines": 20, "num_statements": 20, "percent_covered": 100.0, "percent_covered_display": "100", "missing_lines": 0, "excluded_lines": 0, "percent_statements_covered": 100.0, "percent_statements_covered_display": "100", "num_branches": 0, "num_partial_branches": 0, "covered_branches": 0, "missing_branches": 0, "percent_branches_covered": 100.0, "percent_branches_covered_display": "100"}, "missing_lines": [], "excluded_lines": [], "executed_branches": [], "missing_branches": [], "functions": {"RequestIdMiddleware.dispatch": {"executed_lines": [31, 32, 33, 34, 35, 36, 37, 38, 40, 41], "summary": {"covered_lines": 10, "num_statements": 10, "percent_covered": 100.0, "percent_covered_display": "100", "missing_lines": 0, "excluded_lines": 0, "percent_statements_covered": 100.0, "percent_statements_covered_display": "100", "num_branches": 0, "num_partial_branches": 0, "covered_branches": 0, "missing_branches": 0, "percent_branches_covered": 100.0, "percent_branches_covered_display": "100"}, "missing_lines": [], "excluded_lines": [], "start_line": 28, "executed_branches": [], "missing_branches": []}, "": {"executed_lines": [1, 3, 4, 6, 7, 8, 10, 18, 26, 28], "summary": {"covered_lines": 10, "num_statements": 10, "percent_covered": 100.0, "percent_covered_display": "100", "missing_lines": 0, "excluded_lines": 0, "percent_statements_covered": 100.0, "percent_statements_covered_display": "100", "num_branches": 0, "num_partial_branches": 0, "covered_branches": 0, "missing_branches": 0, "percent_branches_covered": 100.0, "percent_branches_covered_display": "100"}, "missing_lines": [], "excluded_lines": [], "start_line": 1, "executed_branches": [], "missing_branches": []}}, "classes": {"RequestIdMiddleware": {"executed_lines": [31, 32, 33, 34, 35, 36, 37, 38, 40, 41], "summary": {"covered_lines": 10, "num_statements": 10, "percent_covered": 100.0, "percent_covered_display": "100", "missing_lines": 0, "excluded_lines": 0, "percent_statements_covered": 100.0, "percent_statements_covered_display": "100", "num_branches": 0, "num_partial_branches": 0, "covered_branches": 0, "missing_branches": 0, "percent_branches_covered": 100.0, "percent_branches_covered_display": "100"}, "missing_lines": [], "excluded_lines": [], "start_line": 18, "executed_branches": [], "missing_branches": []}, "": {"executed_lines": [1, 3, 4, 6, 7, 8, 10, 18, 26, 28], "summary": {"covered_lines": 10, "num_statements": 10, "percent_covered": 100.0, "percent_covered_display": "100", "missing_lines": 0, "excluded_lines": 0, "percent_statements_covered": 100.0, "percent_statements_covered_display": "100", "num_branches": 0, "num_partial_branches": 0, "covered_branches": 0, "missing_branches": 0, "percent_branches_covered": 100.0, "percent_branches_covered_display": "100"}, "missing_lines": [], "excluded_lines": [], "start_line": 1, "executed_branches": [], "missing_branches": []}}}, "keynetra/api/middleware/tenant.py": {"executed_lines": [3, 5, 7, 8, 9, 11, 12, 13, 16, 19, 21, 24, 25, 28, 29, 30, 31, 33, 34, 35, 43, 44], "summary": {"covered_lines": 22, "num_statements": 22, "percent_covered": 100.0, "percent_covered_display": "100", "missing_lines": 0, "excluded_lines": 0, "percent_statements_covered": 100.0, "percent_statements_covered_display": "100", "num_branches": 4, "num_partial_branches": 0, "covered_branches": 4, "missing_branches": 0, "percent_branches_covered": 100.0, "percent_branches_covered_display": "100"}, "missing_lines": [], "excluded_lines": [], "executed_branches": [[29, 30], [29, 33], [34, 35], [34, 43]], "missing_branches": [], "functions": {"TenantResolverMiddleware.dispatch": {"executed_lines": [24, 25, 28, 29, 30, 31, 33, 34, 35, 43, 44], "summary": {"covered_lines": 11, "num_statements": 11, "percent_covered": 100.0, "percent_covered_display": "100", "missing_lines": 0, "excluded_lines": 0, "percent_statements_covered": 100.0, "percent_statements_covered_display": "100", "num_branches": 4, "num_partial_branches": 0, "covered_branches": 4, "missing_branches": 0, "percent_branches_covered": 100.0, "percent_branches_covered_display": "100"}, "missing_lines": [], "excluded_lines": [], "start_line": 21, "executed_branches": [[29, 30], [29, 33], [34, 35], [34, 43]], "missing_branches": []}, "": {"executed_lines": [3, 5, 7, 8, 9, 11, 12, 13, 16, 19, 21], "summary": {"covered_lines": 11, "num_statements": 11, "percent_covered": 100.0, "percent_covered_display": "100", "missing_lines": 0, "excluded_lines": 0, "percent_statements_covered": 100.0, "percent_statements_covered_display": "100", "num_branches": 0, "num_partial_branches": 0, "covered_branches": 0, "missing_branches": 0, "percent_branches_covered": 100.0, "percent_branches_covered_display": "100"}, "missing_lines": [], "excluded_lines": [], "start_line": 1, "executed_branches": [], "missing_branches": []}}, "classes": {"TenantResolverMiddleware": {"executed_lines": [24, 25, 28, 29, 30, 31, 33, 34, 35, 43, 44], "summary": {"covered_lines": 11, "num_statements": 11, "percent_covered": 100.0, "percent_covered_display": "100", "missing_lines": 0, "excluded_lines": 0, "percent_statements_covered": 100.0, "percent_statements_covered_display": "100", "num_branches": 4, "num_partial_branches": 0, "covered_branches": 4, "missing_branches": 0, "percent_branches_covered": 100.0, "percent_branches_covered_display": "100"}, "missing_lines": [], "excluded_lines": [], "start_line": 16, "executed_branches": [[29, 30], [29, 33], [34, 35], [34, 43]], "missing_branches": []}, "": {"executed_lines": [3, 5, 7, 8, 9, 11, 12, 13, 16, 19, 21], "summary": {"covered_lines": 11, "num_statements": 11, "percent_covered": 100.0, "percent_covered_display": "100", "missing_lines": 0, "excluded_lines": 0, "percent_statements_covered": 100.0, "percent_statements_covered_display": "100", "num_branches": 0, "num_partial_branches": 0, "covered_branches": 0, "missing_branches": 0, "percent_branches_covered": 100.0, "percent_branches_covered_display": "100"}, "missing_lines": [], "excluded_lines": [], "start_line": 1, "executed_branches": [], "missing_branches": []}}}, "keynetra/api/middleware/versioning.py": {"executed_lines": [3, 5, 6, 8, 9, 10, 12, 13, 14, 15, 18, 21, 22, 23, 25, 28, 29, 33, 34, 46, 47, 48, 49, 50, 51, 60, 61, 62], "summary": {"covered_lines": 28, "num_statements": 28, "percent_covered": 97.05882352941177, "percent_covered_display": "97", "missing_lines": 0, "excluded_lines": 0, "percent_statements_covered": 100.0, "percent_statements_covered_display": "100", "num_branches": 6, "num_partial_branches": 1, "covered_branches": 5, "missing_branches": 1, "percent_branches_covered": 83.33333333333333, "percent_branches_covered_display": "83"}, "missing_lines": [], "excluded_lines": [], "executed_branches": [[33, 34], [33, 46], [47, 48], [49, 50], [49, 51]], "missing_branches": [[47, 51]], "functions": {"ApiVersionMiddleware.dispatch": {"executed_lines": [28, 29, 33, 34, 46, 47, 48, 49, 50, 51, 60, 61, 62], "summary": {"covered_lines": 13, "num_statements": 13, "percent_covered": 94.73684210526316, "percent_covered_display": "95", "missing_lines": 0, "excluded_lines": 0, "percent_statements_covered": 100.0, "percent_statements_covered_display": "100", "num_branches": 6, "num_partial_branches": 1, "covered_branches": 5, "missing_branches": 1, "percent_branches_covered": 83.33333333333333, "percent_branches_covered_display": "83"}, "missing_lines": [], "excluded_lines": [], "start_line": 25, "executed_branches": [[33, 34], [33, 46], [47, 48], [49, 50], [49, 51]], "missing_branches": [[47, 51]]}, "": {"executed_lines": [3, 5, 6, 8, 9, 10, 12, 13, 14, 15, 18, 21, 22, 23, 25], "summary": {"covered_lines": 15, "num_statements": 15, "percent_covered": 100.0, "percent_covered_display": "100", "missing_lines": 0, "excluded_lines": 0, "percent_statements_covered": 100.0, "percent_statements_covered_display": "100", "num_branches": 0, "num_partial_branches": 0, "covered_branches": 0, "missing_branches": 0, "percent_branches_covered": 100.0, "percent_branches_covered_display": "100"}, "missing_lines": [], "excluded_lines": [], "start_line": 1, "executed_branches": [], "missing_branches": []}}, "classes": {"ApiVersionMiddleware": {"executed_lines": [28, 29, 33, 34, 46, 47, 48, 49, 50, 51, 60, 61, 62], "summary": {"covered_lines": 13, "num_statements": 13, "percent_covered": 94.73684210526316, "percent_covered_display": "95", "missing_lines": 0, "excluded_lines": 0, "percent_statements_covered": 100.0, "percent_statements_covered_display": "100", "num_branches": 6, "num_partial_branches": 1, "covered_branches": 5, "missing_branches": 1, "percent_branches_covered": 83.33333333333333, "percent_branches_covered_display": "83"}, "missing_lines": [], "excluded_lines": [], "start_line": 18, "executed_branches": [[33, 34], [33, 46], [47, 48], [49, 50], [49, 51]], "missing_branches": [[47, 51]]}, "": {"executed_lines": [3, 5, 6, 8, 9, 10, 12, 13, 14, 15, 18, 21, 22, 23, 25], "summary": {"covered_lines": 15, "num_statements": 15, "percent_covered": 100.0, "percent_covered_display": "100", "missing_lines": 0, "excluded_lines": 0, "percent_statements_covered": 100.0, "percent_statements_covered_display": "100", "num_branches": 0, "num_partial_branches": 0, "covered_branches": 0, "missing_branches": 0, "percent_branches_covered": 100.0, "percent_branches_covered_display": "100"}, "missing_lines": [], "excluded_lines": [], "start_line": 1, "executed_branches": [], "missing_branches": []}}}, "keynetra/api/pagination.py": {"executed_lines": [3, 5, 7, 8, 9, 12, 13, 16, 19, 20, 21, 22, 30], "summary": {"covered_lines": 13, "num_statements": 15, "percent_covered": 88.23529411764706, "percent_covered_display": "88", "missing_lines": 2, "excluded_lines": 0, "percent_statements_covered": 86.66666666666667, "percent_statements_covered_display": "87", "num_branches": 2, "num_partial_branches": 0, "covered_branches": 2, "missing_branches": 0, "percent_branches_covered": 100.0, "percent_branches_covered_display": "100"}, "missing_lines": [23, 24], "excluded_lines": [], "executed_branches": [[19, 20], [19, 21]], "missing_branches": [], "functions": {"encode_cursor": {"executed_lines": [13], "summary": {"covered_lines": 1, "num_statements": 1, "percent_covered": 100.0, "percent_covered_display": "100", "missing_lines": 0, "excluded_lines": 0, "percent_statements_covered": 100.0, "percent_statements_covered_display": "100", "num_branches": 0, "num_partial_branches": 0, "covered_branches": 0, "missing_branches": 0, "percent_branches_covered": 100.0, "percent_branches_covered_display": "100"}, "missing_lines": [], "excluded_lines": [], "start_line": 12, "executed_branches": [], "missing_branches": []}, "decode_cursor": {"executed_lines": [19, 20, 21, 22, 30], "summary": {"covered_lines": 5, "num_statements": 7, "percent_covered": 77.77777777777777, "percent_covered_display": "78", "missing_lines": 2, "excluded_lines": 0, "percent_statements_covered": 71.42857142857143, "percent_statements_covered_display": "71", "num_branches": 2, "num_partial_branches": 0, "covered_branches": 2, "missing_branches": 0, "percent_branches_covered": 100.0, "percent_branches_covered_display": "100"}, "missing_lines": [23, 24], "excluded_lines": [], "start_line": 16, "executed_branches": [[19, 20], [19, 21]], "missing_branches": []}, "": {"executed_lines": [3, 5, 7, 8, 9, 12, 16], "summary": {"covered_lines": 7, "num_statements": 7, "percent_covered": 100.0, "percent_covered_display": "100", "missing_lines": 0, "excluded_lines": 0, "percent_statements_covered": 100.0, "percent_statements_covered_display": "100", "num_branches": 0, "num_partial_branches": 0, "covered_branches": 0, "missing_branches": 0, "percent_branches_covered": 100.0, "percent_branches_covered_display": "100"}, "missing_lines": [], "excluded_lines": [], "start_line": 1, "executed_branches": [], "missing_branches": []}}, "classes": {"": {"executed_lines": [3, 5, 7, 8, 9, 12, 13, 16, 19, 20, 21, 22, 30], "summary": {"covered_lines": 13, "num_statements": 15, "percent_covered": 88.23529411764706, "percent_covered_display": "88", "missing_lines": 2, "excluded_lines": 0, "percent_statements_covered": 86.66666666666667, "percent_statements_covered_display": "87", "num_branches": 2, "num_partial_branches": 0, "covered_branches": 2, "missing_branches": 0, "percent_branches_covered": 100.0, "percent_branches_covered_display": "100"}, "missing_lines": [23, 24], "excluded_lines": [], "start_line": 1, "executed_branches": [[19, 20], [19, 21]], "missing_branches": []}}}, "keynetra/api/responses.py": {"executed_lines": [3, 5, 6, 8, 9, 11, 12, 13, 16, 24, 33, 40, 41, 48, 58, 68, 69, 72, 81, 90, 91, 94, 95, 96, 97, 105, 106, 109, 115, 116, 117, 118, 121, 122, 123, 124, 125, 126, 127], "summary": {"covered_lines": 39, "num_statements": 42, "percent_covered": 90.0, "percent_covered_display": "90", "missing_lines": 3, "excluded_lines": 0, "percent_statements_covered": 92.85714285714286, "percent_statements_covered_display": "93", "num_branches": 8, "num_partial_branches": 2, "covered_branches": 6, "missing_branches": 2, "percent_branches_covered": 75.0, "percent_branches_covered_display": "75"}, "missing_lines": [98, 101, 102], "excluded_lines": [], "executed_branches": [[96, 97], [115, 116], [117, -109], [117, 118], [122, 123], [122, 124]], "missing_branches": [[96, 98], [115, 117]], "functions": {"success_response": {"executed_lines": [24], "summary": {"covered_lines": 1, "num_statements": 1, "percent_covered": 100.0, "percent_covered_display": "100", "missing_lines": 0, "excluded_lines": 0, "percent_statements_covered": 100.0, "percent_statements_covered_display": "100", "num_branches": 0, "num_partial_branches": 0, "covered_branches": 0, "missing_branches": 0, "percent_branches_covered": 100.0, "percent_branches_covered_display": "100"}, "missing_lines": [], "excluded_lines": [], "start_line": 16, "executed_branches": [], "missing_branches": []}, "error_response": {"executed_lines": [40, 41], "summary": {"covered_lines": 2, "num_statements": 2, "percent_covered": 100.0, "percent_covered_display": "100", "missing_lines": 0, "excluded_lines": 0, "percent_statements_covered": 100.0, "percent_statements_covered_display": "100", "num_branches": 0, "num_partial_branches": 0, "covered_branches": 0, "missing_branches": 0, "percent_branches_covered": 100.0, "percent_branches_covered_display": "100"}, "missing_lines": [], "excluded_lines": [], "start_line": 33, "executed_branches": [], "missing_branches": []}, "envelope_json_response": {"executed_lines": [58, 68, 69], "summary": {"covered_lines": 3, "num_statements": 3, "percent_covered": 100.0, "percent_covered_display": "100", "missing_lines": 0, "excluded_lines": 0, "percent_statements_covered": 100.0, "percent_statements_covered_display": "100", "num_branches": 0, "num_partial_branches": 0, "covered_branches": 0, "missing_branches": 0, "percent_branches_covered": 100.0, "percent_branches_covered_display": "100"}, "missing_lines": [], "excluded_lines": [], "start_line": 48, "executed_branches": [], "missing_branches": []}, "error_json_response": {"executed_lines": [81, 90, 91], "summary": {"covered_lines": 3, "num_statements": 3, "percent_covered": 100.0, "percent_covered_display": "100", "missing_lines": 0, "excluded_lines": 0, "percent_statements_covered": 100.0, "percent_statements_covered_display": "100", "num_branches": 0, "num_partial_branches": 0, "covered_branches": 0, "missing_branches": 0, "percent_branches_covered": 100.0, "percent_branches_covered_display": "100"}, "missing_lines": [], "excluded_lines": [], "start_line": 72, "executed_branches": [], "missing_branches": []}, "ensure_request_id": {"executed_lines": [95, 96, 97], "summary": {"covered_lines": 3, "num_statements": 6, "percent_covered": 50.0, "percent_covered_display": "50", "missing_lines": 3, "excluded_lines": 0, "percent_statements_covered": 50.0, "percent_statements_covered_display": "50", "num_branches": 2, "num_partial_branches": 1, "covered_branches": 1, "missing_branches": 1, "percent_branches_covered": 50.0, "percent_branches_covered_display": "50"}, "missing_lines": [98, 101, 102], "excluded_lines": [], "start_line": 94, "executed_branches": [[96, 97]], "missing_branches": [[96, 98]]}, "request_id_from_state": {"executed_lines": [106], "summary": {"covered_lines": 1, "num_statements": 1, "percent_covered": 100.0, "percent_covered_display": "100", "missing_lines": 0, "excluded_lines": 0, "percent_statements_covered": 100.0, "percent_statements_covered_display": "100", "num_branches": 0, "num_partial_branches": 0, "covered_branches": 0, "missing_branches": 0, "percent_branches_covered": 100.0, "percent_branches_covered_display": "100"}, "missing_lines": [], "excluded_lines": [], "start_line": 105, "executed_branches": [], "missing_branches": []}, "_apply_common_headers": {"executed_lines": [115, 116, 117, 118], "summary": {"covered_lines": 4, "num_statements": 4, "percent_covered": 87.5, "percent_covered_display": "88", "missing_lines": 0, "excluded_lines": 0, "percent_statements_covered": 100.0, "percent_statements_covered_display": "100", "num_branches": 4, "num_partial_branches": 1, "covered_branches": 3, "missing_branches": 1, "percent_branches_covered": 75.0, "percent_branches_covered_display": "75"}, "missing_lines": [], "excluded_lines": [], "start_line": 109, "executed_branches": [[115, 116], [117, -109], [117, 118]], "missing_branches": [[115, 117]]}, "_normalize_error_code": {"executed_lines": [122, 123, 124, 125, 126, 127], "summary": {"covered_lines": 6, "num_statements": 6, "percent_covered": 100.0, "percent_covered_display": "100", "missing_lines": 0, "excluded_lines": 0, "percent_statements_covered": 100.0, "percent_statements_covered_display": "100", "num_branches": 2, "num_partial_branches": 0, "covered_branches": 2, "missing_branches": 0, "percent_branches_covered": 100.0, "percent_branches_covered_display": "100"}, "missing_lines": [], "excluded_lines": [], "start_line": 121, "executed_branches": [[122, 123], [122, 124]], "missing_branches": []}, "": {"executed_lines": [3, 5, 6, 8, 9, 11, 12, 13, 16, 33, 48, 72, 94, 105, 109, 121], "summary": {"covered_lines": 16, "num_statements": 16, "percent_covered": 100.0, "percent_covered_display": "100", "missing_lines": 0, "excluded_lines": 0, "percent_statements_covered": 100.0, "percent_statements_covered_display": "100", "num_branches": 0, "num_partial_branches": 0, "covered_branches": 0, "missing_branches": 0, "percent_branches_covered": 100.0, "percent_branches_covered_display": "100"}, "missing_lines": [], "excluded_lines": [], "start_line": 1, "executed_branches": [], "missing_branches": []}}, "classes": {"": {"executed_lines": [3, 5, 6, 8, 9, 11, 12, 13, 16, 24, 33, 40, 41, 48, 58, 68, 69, 72, 81, 90, 91, 94, 95, 96, 97, 105, 106, 109, 115, 116, 117, 118, 121, 122, 123, 124, 125, 126, 127], "summary": {"covered_lines": 39, "num_statements": 42, "percent_covered": 90.0, "percent_covered_display": "90", "missing_lines": 3, "excluded_lines": 0, "percent_statements_covered": 92.85714285714286, "percent_statements_covered_display": "93", "num_branches": 8, "num_partial_branches": 2, "covered_branches": 6, "missing_branches": 2, "percent_branches_covered": 75.0, "percent_branches_covered_display": "75"}, "missing_lines": [98, 101, 102], "excluded_lines": [], "start_line": 1, "executed_branches": [[96, 97], [115, 116], [117, -109], [117, 118], [122, 123], [122, 124]], "missing_branches": [[96, 98], [115, 117]]}}}, "keynetra/api/routes/__init__.py": {"executed_lines": [], "summary": {"covered_lines": 0, "num_statements": 0, "percent_covered": 100.0, "percent_covered_display": "100", "missing_lines": 0, "excluded_lines": 0, "percent_statements_covered": 100.0, "percent_statements_covered_display": "100", "num_branches": 0, "num_partial_branches": 0, "covered_branches": 0, "missing_branches": 0, "percent_branches_covered": 100.0, "percent_branches_covered_display": "100"}, "missing_lines": [], "excluded_lines": [], "executed_branches": [], "missing_branches": [], "functions": {"": {"executed_lines": [], "summary": {"covered_lines": 0, "num_statements": 0, "percent_covered": 100.0, "percent_covered_display": "100", "missing_lines": 0, "excluded_lines": 0, "percent_statements_covered": 100.0, "percent_statements_covered_display": "100", "num_branches": 0, "num_partial_branches": 0, "covered_branches": 0, "missing_branches": 0, "percent_branches_covered": 100.0, "percent_branches_covered_display": "100"}, "missing_lines": [], "excluded_lines": [], "start_line": 1, "executed_branches": [], "missing_branches": []}}, "classes": {"": {"executed_lines": [], "summary": {"covered_lines": 0, "num_statements": 0, "percent_covered": 100.0, "percent_covered_display": "100", "missing_lines": 0, "excluded_lines": 0, "percent_statements_covered": 100.0, "percent_statements_covered_display": "100", "num_branches": 0, "num_partial_branches": 0, "covered_branches": 0, "missing_branches": 0, "percent_branches_covered": 100.0, "percent_branches_covered_display": "100"}, "missing_lines": [], "excluded_lines": [], "start_line": 1, "executed_branches": [], "missing_branches": []}}}, "keynetra/api/routes/access.py": {"executed_lines": [7, 9, 11, 12, 13, 15, 16, 17, 18, 19, 25, 33, 34, 35, 36, 38, 39, 42, 43, 46, 52, 53, 54, 57, 58, 59, 60, 62, 63, 64, 65, 67, 68, 71, 72, 79, 84, 85, 86, 95, 96, 97, 99, 100, 101, 103, 104, 105, 111, 112, 115, 120, 128, 129, 130, 131, 132, 137, 138, 151, 163, 169, 173, 174, 181, 189, 203, 208, 215, 216, 217, 218, 219, 230, 257, 264, 278, 283, 291, 292, 293, 294, 300, 301, 302, 312, 322, 328, 332, 333, 340, 346], "summary": {"covered_lines": 92, "num_statements": 105, "percent_covered": 87.59689922480621, "percent_covered_display": "88", "missing_lines": 13, "excluded_lines": 0, "percent_statements_covered": 87.61904761904762, "percent_statements_covered_display": "88", "num_branches": 24, "num_partial_branches": 3, "covered_branches": 21, "missing_branches": 3, "percent_branches_covered": 87.5, "percent_branches_covered_display": "88"}, "missing_lines": [88, 139, 164, 170, 239, 240, 245, 246, 249, 250, 295, 323, 329], "excluded_lines": [], "executed_branches": [[58, 59], [58, 62], [63, 64], [63, 67], [71, 72], [71, 79], [84, 85], [96, 97], [96, 99], [100, 101], [100, 103], [104, 105], [104, 111], [131, 132], [131, 137], [138, 151], [218, 219], [218, 230], [294, 300], [301, 302], [301, 312]], "missing_branches": [[84, 88], [138, 139], [294, 295]], "functions": {"_legacy_service_override": {"executed_lines": [43], "summary": {"covered_lines": 1, "num_statements": 1, "percent_covered": 100.0, "percent_covered_display": "100", "missing_lines": 0, "excluded_lines": 0, "percent_statements_covered": 100.0, "percent_statements_covered_display": "100", "num_branches": 0, "num_partial_branches": 0, "covered_branches": 0, "missing_branches": 0, "percent_branches_covered": 100.0, "percent_branches_covered_display": "100"}, "missing_lines": [], "excluded_lines": [], "start_line": 42, "executed_branches": [], "missing_branches": []}, "_resolve_tenant_key": {"executed_lines": [52, 53, 54, 57, 58, 59, 60, 62, 63, 64, 65, 67, 68, 71, 72, 79, 84, 85, 86, 95, 96, 97, 99, 100, 101, 103, 104, 105, 111, 112], "summary": {"covered_lines": 30, "num_statements": 31, "percent_covered": 95.55555555555556, "percent_covered_display": "96", "missing_lines": 1, "excluded_lines": 0, "percent_statements_covered": 96.7741935483871, "percent_statements_covered_display": "97", "num_branches": 14, "num_partial_branches": 1, "covered_branches": 13, "missing_branches": 1, "percent_branches_covered": 92.85714285714286, "percent_branches_covered_display": "93"}, "missing_lines": [88], "excluded_lines": [], "start_line": 46, "executed_branches": [[58, 59], [58, 62], [63, 64], [63, 67], [71, 72], [71, 79], [84, 85], [96, 97], [96, 99], [100, 101], [100, 103], [104, 105], [104, 111]], "missing_branches": [[84, 88]]}, "check_access": {"executed_lines": [128, 129, 130, 131, 132, 137, 138, 151, 163, 169, 173, 174, 181, 189], "summary": {"covered_lines": 14, "num_statements": 17, "percent_covered": 80.95238095238095, "percent_covered_display": "81", "missing_lines": 3, "excluded_lines": 0, "percent_statements_covered": 82.3529411764706, "percent_statements_covered_display": "82", "num_branches": 4, "num_partial_branches": 1, "covered_branches": 3, "missing_branches": 1, "percent_branches_covered": 75.0, "percent_branches_covered_display": "75"}, "missing_lines": [139, 164, 170], "excluded_lines": [], "start_line": 120, "executed_branches": [[131, 132], [131, 137], [138, 151]], "missing_branches": [[138, 139]]}, "simulate": {"executed_lines": [215, 216, 217, 218, 219, 230, 257, 264], "summary": {"covered_lines": 8, "num_statements": 14, "percent_covered": 62.5, "percent_covered_display": "62", "missing_lines": 6, "excluded_lines": 0, "percent_statements_covered": 57.142857142857146, "percent_statements_covered_display": "57", "num_branches": 2, "num_partial_branches": 0, "covered_branches": 2, "missing_branches": 0, "percent_branches_covered": 100.0, "percent_branches_covered_display": "100"}, "missing_lines": [239, 240, 245, 246, 249, 250], "excluded_lines": [], "start_line": 208, "executed_branches": [[218, 219], [218, 230]], "missing_branches": []}, "check_access_batch": {"executed_lines": [291, 292, 293, 294, 300, 301, 302, 312, 322, 328, 332, 333, 340, 346], "summary": {"covered_lines": 14, "num_statements": 17, "percent_covered": 80.95238095238095, "percent_covered_display": "81", "missing_lines": 3, "excluded_lines": 0, "percent_statements_covered": 82.3529411764706, "percent_statements_covered_display": "82", "num_branches": 4, "num_partial_branches": 1, "covered_branches": 3, "missing_branches": 1, "percent_branches_covered": 75.0, "percent_branches_covered_display": "75"}, "missing_lines": [295, 323, 329], "excluded_lines": [], "start_line": 283, "executed_branches": [[294, 300], [301, 302], [301, 312]], "missing_branches": [[294, 295]]}, "": {"executed_lines": [7, 9, 11, 12, 13, 15, 16, 17, 18, 19, 25, 33, 34, 35, 36, 38, 39, 42, 46, 115, 120, 203, 208, 278, 283], "summary": {"covered_lines": 25, "num_statements": 25, "percent_covered": 100.0, "percent_covered_display": "100", "missing_lines": 0, "excluded_lines": 0, "percent_statements_covered": 100.0, "percent_statements_covered_display": "100", "num_branches": 0, "num_partial_branches": 0, "covered_branches": 0, "missing_branches": 0, "percent_branches_covered": 100.0, "percent_branches_covered_display": "100"}, "missing_lines": [], "excluded_lines": [], "start_line": 1, "executed_branches": [], "missing_branches": []}}, "classes": {"": {"executed_lines": [7, 9, 11, 12, 13, 15, 16, 17, 18, 19, 25, 33, 34, 35, 36, 38, 39, 42, 43, 46, 52, 53, 54, 57, 58, 59, 60, 62, 63, 64, 65, 67, 68, 71, 72, 79, 84, 85, 86, 95, 96, 97, 99, 100, 101, 103, 104, 105, 111, 112, 115, 120, 128, 129, 130, 131, 132, 137, 138, 151, 163, 169, 173, 174, 181, 189, 203, 208, 215, 216, 217, 218, 219, 230, 257, 264, 278, 283, 291, 292, 293, 294, 300, 301, 302, 312, 322, 328, 332, 333, 340, 346], "summary": {"covered_lines": 92, "num_statements": 105, "percent_covered": 87.59689922480621, "percent_covered_display": "88", "missing_lines": 13, "excluded_lines": 0, "percent_statements_covered": 87.61904761904762, "percent_statements_covered_display": "88", "num_branches": 24, "num_partial_branches": 3, "covered_branches": 21, "missing_branches": 3, "percent_branches_covered": 87.5, "percent_branches_covered_display": "88"}, "missing_lines": [88, 139, 164, 170, 239, 240, 245, 246, 249, 250, 295, 323, 329], "excluded_lines": [], "start_line": 1, "executed_branches": [[58, 59], [58, 62], [63, 64], [63, 67], [71, 72], [71, 79], [84, 85], [96, 97], [96, 99], [100, 101], [100, 103], [104, 105], [104, 111], [131, 132], [131, 137], [138, 151], [218, 219], [218, 230], [294, 300], [301, 302], [301, 312]], "missing_branches": [[84, 88], [138, 139], [294, 295]]}}}, "keynetra/api/routes/dev.py": {"executed_lines": [1, 3, 5, 6, 7, 8, 9, 10, 11, 13, 16, 17, 18, 21, 22, 26, 27, 32, 33, 39, 40, 41], "summary": {"covered_lines": 22, "num_statements": 22, "percent_covered": 100.0, "percent_covered_display": "100", "missing_lines": 0, "excluded_lines": 0, "percent_statements_covered": 100.0, "percent_statements_covered_display": "100", "num_branches": 2, "num_partial_branches": 0, "covered_branches": 2, "missing_branches": 0, "percent_branches_covered": 100.0, "percent_branches_covered_display": "100"}, "missing_lines": [], "excluded_lines": [], "executed_branches": [[17, -16], [17, 18]], "missing_branches": [], "functions": {"_require_local_dev": {"executed_lines": [17, 18], "summary": {"covered_lines": 2, "num_statements": 2, "percent_covered": 100.0, "percent_covered_display": "100", "missing_lines": 0, "excluded_lines": 0, "percent_statements_covered": 100.0, "percent_statements_covered_display": "100", "num_branches": 2, "num_partial_branches": 0, "covered_branches": 2, "missing_branches": 0, "percent_branches_covered": 100.0, "percent_branches_covered_display": "100"}, "missing_lines": [], "excluded_lines": [], "start_line": 16, "executed_branches": [[17, -16], [17, 18]], "missing_branches": []}, "get_sample_data": {"executed_lines": [26, 27], "summary": {"covered_lines": 2, "num_statements": 2, "percent_covered": 100.0, "percent_covered_display": "100", "missing_lines": 0, "excluded_lines": 0, "percent_statements_covered": 100.0, "percent_statements_covered_display": "100", "num_branches": 0, "num_partial_branches": 0, "covered_branches": 0, "missing_branches": 0, "percent_branches_covered": 100.0, "percent_branches_covered_display": "100"}, "missing_lines": [], "excluded_lines": [], "start_line": 22, "executed_branches": [], "missing_branches": []}, "seed_sample_data": {"executed_lines": [39, 40, 41], "summary": {"covered_lines": 3, "num_statements": 3, "percent_covered": 100.0, "percent_covered_display": "100", "missing_lines": 0, "excluded_lines": 0, "percent_statements_covered": 100.0, "percent_statements_covered_display": "100", "num_branches": 0, "num_partial_branches": 0, "covered_branches": 0, "missing_branches": 0, "percent_branches_covered": 100.0, "percent_branches_covered_display": "100"}, "missing_lines": [], "excluded_lines": [], "start_line": 33, "executed_branches": [], "missing_branches": []}, "": {"executed_lines": [1, 3, 5, 6, 7, 8, 9, 10, 11, 13, 16, 21, 22, 32, 33], "summary": {"covered_lines": 15, "num_statements": 15, "percent_covered": 100.0, "percent_covered_display": "100", "missing_lines": 0, "excluded_lines": 0, "percent_statements_covered": 100.0, "percent_statements_covered_display": "100", "num_branches": 0, "num_partial_branches": 0, "covered_branches": 0, "missing_branches": 0, "percent_branches_covered": 100.0, "percent_branches_covered_display": "100"}, "missing_lines": [], "excluded_lines": [], "start_line": 1, "executed_branches": [], "missing_branches": []}}, "classes": {"": {"executed_lines": [1, 3, 5, 6, 7, 8, 9, 10, 11, 13, 16, 17, 18, 21, 22, 26, 27, 32, 33, 39, 40, 41], "summary": {"covered_lines": 22, "num_statements": 22, "percent_covered": 100.0, "percent_covered_display": "100", "missing_lines": 0, "excluded_lines": 0, "percent_statements_covered": 100.0, "percent_statements_covered_display": "100", "num_branches": 2, "num_partial_branches": 0, "covered_branches": 2, "missing_branches": 0, "percent_branches_covered": 100.0, "percent_branches_covered_display": "100"}, "missing_lines": [], "excluded_lines": [], "start_line": 1, "executed_branches": [[17, -16], [17, 18]], "missing_branches": []}}}, "keynetra/api/routes/metrics.py": {"executed_lines": [1, 3, 4, 5, 7, 10, 11, 12], "summary": {"covered_lines": 8, "num_statements": 8, "percent_covered": 100.0, "percent_covered_display": "100", "missing_lines": 0, "excluded_lines": 0, "percent_statements_covered": 100.0, "percent_statements_covered_display": "100", "num_branches": 0, "num_partial_branches": 0, "covered_branches": 0, "missing_branches": 0, "percent_branches_covered": 100.0, "percent_branches_covered_display": "100"}, "missing_lines": [], "excluded_lines": [], "executed_branches": [], "missing_branches": [], "functions": {"metrics": {"executed_lines": [12], "summary": {"covered_lines": 1, "num_statements": 1, "percent_covered": 100.0, "percent_covered_display": "100", "missing_lines": 0, "excluded_lines": 0, "percent_statements_covered": 100.0, "percent_statements_covered_display": "100", "num_branches": 0, "num_partial_branches": 0, "covered_branches": 0, "missing_branches": 0, "percent_branches_covered": 100.0, "percent_branches_covered_display": "100"}, "missing_lines": [], "excluded_lines": [], "start_line": 11, "executed_branches": [], "missing_branches": []}, "": {"executed_lines": [1, 3, 4, 5, 7, 10, 11], "summary": {"covered_lines": 7, "num_statements": 7, "percent_covered": 100.0, "percent_covered_display": "100", "missing_lines": 0, "excluded_lines": 0, "percent_statements_covered": 100.0, "percent_statements_covered_display": "100", "num_branches": 0, "num_partial_branches": 0, "covered_branches": 0, "missing_branches": 0, "percent_branches_covered": 100.0, "percent_branches_covered_display": "100"}, "missing_lines": [], "excluded_lines": [], "start_line": 1, "executed_branches": [], "missing_branches": []}}, "classes": {"": {"executed_lines": [1, 3, 4, 5, 7, 10, 11, 12], "summary": {"covered_lines": 8, "num_statements": 8, "percent_covered": 100.0, "percent_covered_display": "100", "missing_lines": 0, "excluded_lines": 0, "percent_statements_covered": 100.0, "percent_statements_covered_display": "100", "num_branches": 0, "num_partial_branches": 0, "covered_branches": 0, "missing_branches": 0, "percent_branches_covered": 100.0, "percent_branches_covered_display": "100"}, "missing_lines": [], "excluded_lines": [], "start_line": 1, "executed_branches": [], "missing_branches": []}}}, "keynetra/api/routes/playground.py": {"executed_lines": [3, 5, 7, 8, 10, 11, 12, 13, 14, 17, 18, 19, 20, 21, 22, 25, 26, 27, 28, 29, 32, 33, 34, 37, 40, 41, 46, 47, 53, 54], "summary": {"covered_lines": 30, "num_statements": 30, "percent_covered": 100.0, "percent_covered_display": "100", "missing_lines": 0, "excluded_lines": 0, "percent_statements_covered": 100.0, "percent_statements_covered_display": "100", "num_branches": 0, "num_partial_branches": 0, "covered_branches": 0, "missing_branches": 0, "percent_branches_covered": 100.0, "percent_branches_covered_display": "100"}, "missing_lines": [], "excluded_lines": [], "executed_branches": [], "missing_branches": [], "functions": {"evaluate": {"executed_lines": [46, 47, 53, 54], "summary": {"covered_lines": 4, "num_statements": 4, "percent_covered": 100.0, "percent_covered_display": "100", "missing_lines": 0, "excluded_lines": 0, "percent_statements_covered": 100.0, "percent_statements_covered_display": "100", "num_branches": 0, "num_partial_branches": 0, "covered_branches": 0, "missing_branches": 0, "percent_branches_covered": 100.0, "percent_branches_covered_display": "100"}, "missing_lines": [], "excluded_lines": [], "start_line": 41, "executed_branches": [], "missing_branches": []}, "": {"executed_lines": [3, 5, 7, 8, 10, 11, 12, 13, 14, 17, 18, 19, 20, 21, 22, 25, 26, 27, 28, 29, 32, 33, 34, 37, 40, 41], "summary": {"covered_lines": 26, "num_statements": 26, "percent_covered": 100.0, "percent_covered_display": "100", "missing_lines": 0, "excluded_lines": 0, "percent_statements_covered": 100.0, "percent_statements_covered_display": "100", "num_branches": 0, "num_partial_branches": 0, "covered_branches": 0, "missing_branches": 0, "percent_branches_covered": 100.0, "percent_branches_covered_display": "100"}, "missing_lines": [], "excluded_lines": [], "start_line": 1, "executed_branches": [], "missing_branches": []}}, "classes": {"PlaygroundPolicy": {"executed_lines": [], "summary": {"covered_lines": 0, "num_statements": 0, "percent_covered": 100.0, "percent_covered_display": "100", "missing_lines": 0, "excluded_lines": 0, "percent_statements_covered": 100.0, "percent_statements_covered_display": "100", "num_branches": 0, "num_partial_branches": 0, "covered_branches": 0, "missing_branches": 0, "percent_branches_covered": 100.0, "percent_branches_covered_display": "100"}, "missing_lines": [], "excluded_lines": [], "start_line": 17, "executed_branches": [], "missing_branches": []}, "PlaygroundInput": {"executed_lines": [], "summary": {"covered_lines": 0, "num_statements": 0, "percent_covered": 100.0, "percent_covered_display": "100", "missing_lines": 0, "excluded_lines": 0, "percent_statements_covered": 100.0, "percent_statements_covered_display": "100", "num_branches": 0, "num_partial_branches": 0, "covered_branches": 0, "missing_branches": 0, "percent_branches_covered": 100.0, "percent_branches_covered_display": "100"}, "missing_lines": [], "excluded_lines": [], "start_line": 25, "executed_branches": [], "missing_branches": []}, "PlaygroundEvaluateRequest": {"executed_lines": [], "summary": {"covered_lines": 0, "num_statements": 0, "percent_covered": 100.0, "percent_covered_display": "100", "missing_lines": 0, "excluded_lines": 0, "percent_statements_covered": 100.0, "percent_statements_covered_display": "100", "num_branches": 0, "num_partial_branches": 0, "covered_branches": 0, "missing_branches": 0, "percent_branches_covered": 100.0, "percent_branches_covered_display": "100"}, "missing_lines": [], "excluded_lines": [], "start_line": 32, "executed_branches": [], "missing_branches": []}, "": {"executed_lines": [3, 5, 7, 8, 10, 11, 12, 13, 14, 17, 18, 19, 20, 21, 22, 25, 26, 27, 28, 29, 32, 33, 34, 37, 40, 41, 46, 47, 53, 54], "summary": {"covered_lines": 30, "num_statements": 30, "percent_covered": 100.0, "percent_covered_display": "100", "missing_lines": 0, "excluded_lines": 0, "percent_statements_covered": 100.0, "percent_statements_covered_display": "100", "num_branches": 0, "num_partial_branches": 0, "covered_branches": 0, "missing_branches": 0, "percent_branches_covered": 100.0, "percent_branches_covered_display": "100"}, "missing_lines": [], "excluded_lines": [], "start_line": 1, "executed_branches": [], "missing_branches": []}}}, "keynetra/api/routes/relationships.py": {"executed_lines": [3, 5, 6, 8, 9, 10, 11, 12, 13, 14, 16, 19, 20, 21, 22, 23, 24, 27, 28, 31, 32, 41, 42, 47, 48, 59, 67, 70, 76, 77, 80, 81, 88], "summary": {"covered_lines": 33, "num_statements": 37, "percent_covered": 89.74358974358974, "percent_covered_display": "90", "missing_lines": 4, "excluded_lines": 0, "percent_statements_covered": 89.1891891891892, "percent_statements_covered_display": "89", "num_branches": 2, "num_partial_branches": 0, "covered_branches": 2, "missing_branches": 0, "percent_branches_covered": 100.0, "percent_branches_covered_display": "100"}, "missing_lines": [55, 56, 84, 85], "excluded_lines": [], "executed_branches": [[41, 42], [41, 47]], "missing_branches": [], "functions": {"list_relationships": {"executed_lines": [41, 42, 47, 48, 59], "summary": {"covered_lines": 5, "num_statements": 7, "percent_covered": 77.77777777777777, "percent_covered_display": "78", "missing_lines": 2, "excluded_lines": 0, "percent_statements_covered": 71.42857142857143, "percent_statements_covered_display": "71", "num_branches": 2, "num_partial_branches": 0, "covered_branches": 2, "missing_branches": 0, "percent_branches_covered": 100.0, "percent_branches_covered_display": "100"}, "missing_lines": [55, 56], "excluded_lines": [], "start_line": 32, "executed_branches": [[41, 42], [41, 47]], "missing_branches": []}, "create_relationship": {"executed_lines": [76, 77, 80, 81, 88], "summary": {"covered_lines": 5, "num_statements": 7, "percent_covered": 71.42857142857143, "percent_covered_display": "71", "missing_lines": 2, "excluded_lines": 0, "percent_statements_covered": 71.42857142857143, "percent_statements_covered_display": "71", "num_branches": 0, "num_partial_branches": 0, "covered_branches": 0, "missing_branches": 0, "percent_branches_covered": 100.0, "percent_branches_covered_display": "100"}, "missing_lines": [84, 85], "excluded_lines": [], "start_line": 70, "executed_branches": [], "missing_branches": []}, "": {"executed_lines": [3, 5, 6, 8, 9, 10, 11, 12, 13, 14, 16, 19, 20, 21, 22, 23, 24, 27, 28, 31, 32, 67, 70], "summary": {"covered_lines": 23, "num_statements": 23, "percent_covered": 100.0, "percent_covered_display": "100", "missing_lines": 0, "excluded_lines": 0, "percent_statements_covered": 100.0, "percent_statements_covered_display": "100", "num_branches": 0, "num_partial_branches": 0, "covered_branches": 0, "missing_branches": 0, "percent_branches_covered": 100.0, "percent_branches_covered_display": "100"}, "missing_lines": [], "excluded_lines": [], "start_line": 1, "executed_branches": [], "missing_branches": []}}, "classes": {"RelationshipCreate": {"executed_lines": [], "summary": {"covered_lines": 0, "num_statements": 0, "percent_covered": 100.0, "percent_covered_display": "100", "missing_lines": 0, "excluded_lines": 0, "percent_statements_covered": 100.0, "percent_statements_covered_display": "100", "num_branches": 0, "num_partial_branches": 0, "covered_branches": 0, "missing_branches": 0, "percent_branches_covered": 100.0, "percent_branches_covered_display": "100"}, "missing_lines": [], "excluded_lines": [], "start_line": 19, "executed_branches": [], "missing_branches": []}, "RelationshipOut": {"executed_lines": [], "summary": {"covered_lines": 0, "num_statements": 0, "percent_covered": 100.0, "percent_covered_display": "100", "missing_lines": 0, "excluded_lines": 0, "percent_statements_covered": 100.0, "percent_statements_covered_display": "100", "num_branches": 0, "num_partial_branches": 0, "covered_branches": 0, "missing_branches": 0, "percent_branches_covered": 100.0, "percent_branches_covered_display": "100"}, "missing_lines": [], "excluded_lines": [], "start_line": 27, "executed_branches": [], "missing_branches": []}, "": {"executed_lines": [3, 5, 6, 8, 9, 10, 11, 12, 13, 14, 16, 19, 20, 21, 22, 23, 24, 27, 28, 31, 32, 41, 42, 47, 48, 59, 67, 70, 76, 77, 80, 81, 88], "summary": {"covered_lines": 33, "num_statements": 37, "percent_covered": 89.74358974358974, "percent_covered_display": "90", "missing_lines": 4, "excluded_lines": 0, "percent_statements_covered": 89.1891891891892, "percent_statements_covered_display": "89", "num_branches": 2, "num_partial_branches": 0, "covered_branches": 2, "missing_branches": 0, "percent_branches_covered": 100.0, "percent_branches_covered_display": "100"}, "missing_lines": [55, 56, 84, 85], "excluded_lines": [], "start_line": 1, "executed_branches": [[41, 42], [41, 47]], "missing_branches": []}}}, "keynetra/api/service_modes.py": {"executed_lines": [1, 3, 5, 6, 7, 8, 9, 10, 11, 12, 13, 14, 15, 16, 17, 18, 19, 22, 23, 24, 25, 27, 28, 29, 30, 31, 32, 33, 34, 35, 36, 37, 38, 39, 40, 41, 42, 43, 47], "summary": {"covered_lines": 39, "num_statements": 40, "percent_covered": 91.30434782608695, "percent_covered_display": "91", "missing_lines": 1, "excluded_lines": 0, "percent_statements_covered": 97.5, "percent_statements_covered_display": "98", "num_branches": 6, "num_partial_branches": 3, "covered_branches": 3, "missing_branches": 3, "percent_branches_covered": 50.0, "percent_branches_covered_display": "50"}, "missing_lines": [45], "excluded_lines": [], "executed_branches": [[28, 29], [30, 31], [43, 47]], "missing_branches": [[28, 30], [30, 43], [43, 45]], "functions": {"router_for_mode": {"executed_lines": [23, 24, 25, 27, 28, 29, 30, 31, 32, 33, 34, 35, 36, 37, 38, 39, 40, 41, 42, 43, 47], "summary": {"covered_lines": 21, "num_statements": 22, "percent_covered": 85.71428571428571, "percent_covered_display": "86", "missing_lines": 1, "excluded_lines": 0, "percent_statements_covered": 95.45454545454545, "percent_statements_covered_display": "95", "num_branches": 6, "num_partial_branches": 3, "covered_branches": 3, "missing_branches": 3, "percent_branches_covered": 50.0, "percent_branches_covered_display": "50"}, "missing_lines": [45], "excluded_lines": [], "start_line": 22, "executed_branches": [[28, 29], [30, 31], [43, 47]], "missing_branches": [[28, 30], [30, 43], [43, 45]]}, "": {"executed_lines": [1, 3, 5, 6, 7, 8, 9, 10, 11, 12, 13, 14, 15, 16, 17, 18, 19, 22], "summary": {"covered_lines": 18, "num_statements": 18, "percent_covered": 100.0, "percent_covered_display": "100", "missing_lines": 0, "excluded_lines": 0, "percent_statements_covered": 100.0, "percent_statements_covered_display": "100", "num_branches": 0, "num_partial_branches": 0, "covered_branches": 0, "missing_branches": 0, "percent_branches_covered": 100.0, "percent_branches_covered_display": "100"}, "missing_lines": [], "excluded_lines": [], "start_line": 1, "executed_branches": [], "missing_branches": []}}, "classes": {"": {"executed_lines": [1, 3, 5, 6, 7, 8, 9, 10, 11, 12, 13, 14, 15, 16, 17, 18, 19, 22, 23, 24, 25, 27, 28, 29, 30, 31, 32, 33, 34, 35, 36, 37, 38, 39, 40, 41, 42, 43, 47], "summary": {"covered_lines": 39, "num_statements": 40, "percent_covered": 91.30434782608695, "percent_covered_display": "91", "missing_lines": 1, "excluded_lines": 0, "percent_statements_covered": 97.5, "percent_statements_covered_display": "98", "num_branches": 6, "num_partial_branches": 3, "covered_branches": 3, "missing_branches": 3, "percent_branches_covered": 50.0, "percent_branches_covered_display": "50"}, "missing_lines": [45], "excluded_lines": [], "start_line": 1, "executed_branches": [[28, 29], [30, 31], [43, 47]], "missing_branches": [[28, 30], [30, 43], [43, 45]]}}}, "keynetra/config/__init__.py": {"executed_lines": [], "summary": {"covered_lines": 0, "num_statements": 0, "percent_covered": 100.0, "percent_covered_display": "100", "missing_lines": 0, "excluded_lines": 0, "percent_statements_covered": 100.0, "percent_statements_covered_display": "100", "num_branches": 0, "num_partial_branches": 0, "covered_branches": 0, "missing_branches": 0, "percent_branches_covered": 100.0, "percent_branches_covered_display": "100"}, "missing_lines": [], "excluded_lines": [], "executed_branches": [], "missing_branches": [], "functions": {"": {"executed_lines": [], "summary": {"covered_lines": 0, "num_statements": 0, "percent_covered": 100.0, "percent_covered_display": "100", "missing_lines": 0, "excluded_lines": 0, "percent_statements_covered": 100.0, "percent_statements_covered_display": "100", "num_branches": 0, "num_partial_branches": 0, "covered_branches": 0, "missing_branches": 0, "percent_branches_covered": 100.0, "percent_branches_covered_display": "100"}, "missing_lines": [], "excluded_lines": [], "start_line": 1, "executed_branches": [], "missing_branches": []}}, "classes": {"": {"executed_lines": [], "summary": {"covered_lines": 0, "num_statements": 0, "percent_covered": 100.0, "percent_covered_display": "100", "missing_lines": 0, "excluded_lines": 0, "percent_statements_covered": 100.0, "percent_statements_covered_display": "100", "num_branches": 0, "num_partial_branches": 0, "covered_branches": 0, "missing_branches": 0, "percent_branches_covered": 100.0, "percent_branches_covered_display": "100"}, "missing_lines": [], "excluded_lines": [], "start_line": 1, "executed_branches": [], "missing_branches": []}}}, "keynetra/config/file_loaders.py": {"executed_lines": [1, 3, 4, 5, 6, 8, 9, 14, 15, 16, 17, 18, 19, 27, 28, 29, 30, 31, 32, 35, 36, 37, 38, 40, 41, 43, 44, 45, 46, 47, 48, 49, 50, 53, 54, 55, 56, 63, 64, 65, 66, 67, 70, 71, 72, 73, 74, 75, 76, 80, 81, 82, 83, 86, 87, 89, 90, 91, 92, 95, 97, 98, 99, 100, 101, 102, 103, 104, 107, 108, 110, 111, 112, 113, 114, 115, 116, 118, 119, 120, 121, 122, 133, 136, 137, 138, 139, 143, 144, 145, 146, 147, 148, 149, 150, 151, 160, 161, 162, 163, 164, 166, 167, 168, 169, 170, 171, 172, 173, 174, 175, 176, 177, 178, 179, 180, 181, 182, 191, 194, 195, 196, 198, 199, 200, 201, 202, 203, 204, 205, 206, 209, 210, 211, 212, 213, 214, 215, 216, 217, 219, 220, 222, 223, 224, 225, 226, 229, 230, 231, 233, 234, 235, 236, 237, 240, 241, 243, 244, 245, 247], "summary": {"covered_lines": 161, "num_statements": 179, "percent_covered": 87.18861209964413, "percent_covered_display": "87", "missing_lines": 18, "excluded_lines": 2, "percent_statements_covered": 89.94413407821229, "percent_statements_covered_display": "90", "num_branches": 102, "num_partial_branches": 14, "covered_branches": 84, "missing_branches": 18, "percent_branches_covered": 82.3529411764706, "percent_branches_covered_display": "82"}, "missing_lines": [42, 57, 58, 59, 60, 61, 62, 77, 88, 93, 109, 117, 141, 142, 165, 197, 227, 238], "excluded_lines": [10, 11], "executed_branches": [[16, 17], [16, 32], [18, 19], [18, 30], [27, 28], [27, 29], [30, 16], [30, 31], [40, 41], [40, 45], [41, 43], [45, 46], [45, 48], [48, 49], [48, 50], [54, 55], [54, 67], [56, 63], [63, 64], [65, 54], [65, 66], [72, 73], [72, 74], [74, 75], [86, 87], [86, 90], [87, 89], [90, 91], [90, 92], [92, 95], [97, 98], [97, 102], [99, 100], [99, 101], [102, 103], [102, 104], [108, 110], [110, 111], [110, 115], [112, 113], [112, 114], [115, 116], [116, 118], [118, 119], [118, 120], [120, 121], [120, 133], [137, 138], [143, 144], [143, 145], [146, 147], [146, 148], [149, 150], [149, 151], [162, 163], [162, 191], [164, 166], [168, 169], [168, 170], [171, 172], [171, 176], [172, 173], [172, 174], [177, 178], [177, 179], [196, 198], [211, 212], [211, 213], [219, 220], [219, 222], [223, 224], [223, 229], [224, 225], [224, 226], [226, 223], [230, 231], [230, 233], [234, 235], [234, 243], [235, 236], [235, 237], [237, 240], [244, 245], [244, 247]], "missing_branches": [[41, 42], [56, 57], [58, 59], [58, 62], [60, 58], [60, 61], [63, 54], [74, 77], [87, 88], [92, 93], [108, 109], [115, 133], [116, 117], [137, 141], [164, 165], [196, 197], [226, 227], [237, 238]], "functions": {"load_policies_from_paths": {"executed_lines": [15, 16, 17, 18, 19, 27, 28, 29, 30, 31, 32], "summary": {"covered_lines": 11, "num_statements": 11, "percent_covered": 100.0, "percent_covered_display": "100", "missing_lines": 0, "excluded_lines": 0, "percent_statements_covered": 100.0, "percent_statements_covered_display": "100", "num_branches": 8, "num_partial_branches": 0, "covered_branches": 8, "missing_branches": 0, "percent_branches_covered": 100.0, "percent_branches_covered_display": "100"}, "missing_lines": [], "excluded_lines": [], "start_line": 14, "executed_branches": [[16, 17], [16, 32], [18, 19], [18, 30], [27, 28], [27, 29], [30, 16], [30, 31]], "missing_branches": []}, "load_policies_from_file": {"executed_lines": [36, 37, 38, 40, 41, 43, 44, 45, 46, 47, 48, 49, 50], "summary": {"covered_lines": 13, "num_statements": 14, "percent_covered": 90.9090909090909, "percent_covered_display": "91", "missing_lines": 1, "excluded_lines": 0, "percent_statements_covered": 92.85714285714286, "percent_statements_covered_display": "93", "num_branches": 8, "num_partial_branches": 1, "covered_branches": 7, "missing_branches": 1, "percent_branches_covered": 87.5, "percent_branches_covered_display": "88"}, "missing_lines": [42], "excluded_lines": [], "start_line": 35, "executed_branches": [[40, 41], [40, 45], [41, 43], [45, 46], [45, 48], [48, 49], [48, 50]], "missing_branches": [[41, 42]]}, "load_authorization_model_from_paths": {"executed_lines": [54, 55, 56, 63, 64, 65, 66, 67], "summary": {"covered_lines": 8, "num_statements": 14, "percent_covered": 53.84615384615385, "percent_covered_display": "54", "missing_lines": 6, "excluded_lines": 0, "percent_statements_covered": 57.142857142857146, "percent_statements_covered_display": "57", "num_branches": 12, "num_partial_branches": 2, "covered_branches": 6, "missing_branches": 6, "percent_branches_covered": 50.0, "percent_branches_covered_display": "50"}, "missing_lines": [57, 58, 59, 60, 61, 62], "excluded_lines": [], "start_line": 53, "executed_branches": [[54, 55], [54, 67], [56, 63], [63, 64], [65, 54], [65, 66]], "missing_branches": [[56, 57], [58, 59], [58, 62], [60, 58], [60, 61], [63, 54]]}, "_load_model_file_if_supported": {"executed_lines": [71, 72, 73, 74, 75, 76], "summary": {"covered_lines": 6, "num_statements": 7, "percent_covered": 81.81818181818181, "percent_covered_display": "82", "missing_lines": 1, "excluded_lines": 0, "percent_statements_covered": 85.71428571428571, "percent_statements_covered_display": "86", "num_branches": 4, "num_partial_branches": 1, "covered_branches": 3, "missing_branches": 1, "percent_branches_covered": 75.0, "percent_branches_covered_display": "75"}, "missing_lines": [77], "excluded_lines": [], "start_line": 70, "executed_branches": [[72, 73], [72, 74], [74, 75]], "missing_branches": [[74, 77]]}, "load_authorization_model_from_file": {"executed_lines": [81, 82, 83, 86, 87, 89, 90, 91, 92, 95, 97, 98, 99, 100, 101, 102, 103, 104], "summary": {"covered_lines": 18, "num_statements": 20, "percent_covered": 88.23529411764706, "percent_covered_display": "88", "missing_lines": 2, "excluded_lines": 0, "percent_statements_covered": 90.0, "percent_statements_covered_display": "90", "num_branches": 14, "num_partial_branches": 2, "covered_branches": 12, "missing_branches": 2, "percent_branches_covered": 85.71428571428571, "percent_branches_covered_display": "86"}, "missing_lines": [88, 93], "excluded_lines": [], "start_line": 80, "executed_branches": [[86, 87], [86, 90], [87, 89], [90, 91], [90, 92], [92, 95], [97, 98], [97, 102], [99, 100], [99, 101], [102, 103], [102, 104]], "missing_branches": [[87, 88], [92, 93]]}, "_normalize_policy_payload": {"executed_lines": [108, 110, 111, 112, 113, 114, 115, 116, 118, 119, 120, 121, 122, 133], "summary": {"covered_lines": 14, "num_statements": 16, "percent_covered": 83.33333333333333, "percent_covered_display": "83", "missing_lines": 2, "excluded_lines": 0, "percent_statements_covered": 87.5, "percent_statements_covered_display": "88", "num_branches": 14, "num_partial_branches": 3, "covered_branches": 11, "missing_branches": 3, "percent_branches_covered": 78.57142857142857, "percent_branches_covered_display": "79"}, "missing_lines": [109, 117], "excluded_lines": [], "start_line": 107, "executed_branches": [[108, 110], [110, 111], [110, 115], [112, 113], [112, 114], [115, 116], [116, 118], [118, 119], [118, 120], [120, 121], [120, 133]], "missing_branches": [[108, 109], [115, 133], [116, 117]]}, "_policy_from_effect_block": {"executed_lines": [137, 138, 139, 143, 144, 145, 146, 147, 148, 149, 150, 151], "summary": {"covered_lines": 12, "num_statements": 14, "percent_covered": 86.36363636363636, "percent_covered_display": "86", "missing_lines": 2, "excluded_lines": 0, "percent_statements_covered": 85.71428571428571, "percent_statements_covered_display": "86", "num_branches": 8, "num_partial_branches": 1, "covered_branches": 7, "missing_branches": 1, "percent_branches_covered": 87.5, "percent_branches_covered_display": "88"}, "missing_lines": [141, 142], "excluded_lines": [], "start_line": 136, "executed_branches": [[137, 138], [143, 144], [143, 145], [146, 147], [146, 148], [149, 150], [149, 151]], "missing_branches": [[137, 141]]}, "_parse_polar_policy_lines": {"executed_lines": [161, 162, 163, 164, 166, 167, 168, 169, 170, 171, 172, 173, 174, 175, 176, 177, 178, 179, 180, 181, 182, 191], "summary": {"covered_lines": 22, "num_statements": 23, "percent_covered": 94.28571428571429, "percent_covered_display": "94", "missing_lines": 1, "excluded_lines": 0, "percent_statements_covered": 95.65217391304348, "percent_statements_covered_display": "96", "num_branches": 12, "num_partial_branches": 1, "covered_branches": 11, "missing_branches": 1, "percent_branches_covered": 91.66666666666667, "percent_branches_covered_display": "92"}, "missing_lines": [165], "excluded_lines": [], "start_line": 160, "executed_branches": [[162, 163], [162, 191], [164, 166], [168, 169], [168, 170], [171, 172], [171, 176], [172, 173], [172, 174], [177, 178], [177, 179]], "missing_branches": [[164, 165]]}, "_coerce_scalar": {"executed_lines": [195, 196, 198, 199, 200, 201, 202, 203, 204, 205, 206], "summary": {"covered_lines": 11, "num_statements": 12, "percent_covered": 85.71428571428571, "percent_covered_display": "86", "missing_lines": 1, "excluded_lines": 0, "percent_statements_covered": 91.66666666666667, "percent_statements_covered_display": "92", "num_branches": 2, "num_partial_branches": 1, "covered_branches": 1, "missing_branches": 1, "percent_branches_covered": 50.0, "percent_branches_covered_display": "50"}, "missing_lines": [197], "excluded_lines": [], "start_line": 194, "executed_branches": [[196, 198]], "missing_branches": [[196, 197]]}, "_model_mapping_to_schema": {"executed_lines": [210, 211, 212, 213, 214, 215, 216, 217, 219, 220, 222, 223, 224, 225, 226, 229, 230, 231, 233, 234, 235, 236, 237, 240, 241, 243, 244, 245, 247], "summary": {"covered_lines": 29, "num_statements": 31, "percent_covered": 92.15686274509804, "percent_covered_display": "92", "missing_lines": 2, "excluded_lines": 0, "percent_statements_covered": 93.54838709677419, "percent_statements_covered_display": "94", "num_branches": 20, "num_partial_branches": 2, "covered_branches": 18, "missing_branches": 2, "percent_branches_covered": 90.0, "percent_branches_covered_display": "90"}, "missing_lines": [227, 238], "excluded_lines": [], "start_line": 209, "executed_branches": [[211, 212], [211, 213], [219, 220], [219, 222], [223, 224], [223, 229], [224, 225], [224, 226], [226, 223], [230, 231], [230, 233], [234, 235], [234, 243], [235, 236], [235, 237], [237, 240], [244, 245], [244, 247]], "missing_branches": [[226, 227], [237, 238]]}, "": {"executed_lines": [1, 3, 4, 5, 6, 8, 9, 14, 35, 53, 70, 80, 107, 136, 160, 194, 209], "summary": {"covered_lines": 17, "num_statements": 17, "percent_covered": 100.0, "percent_covered_display": "100", "missing_lines": 0, "excluded_lines": 2, "percent_statements_covered": 100.0, "percent_statements_covered_display": "100", "num_branches": 0, "num_partial_branches": 0, "covered_branches": 0, "missing_branches": 0, "percent_branches_covered": 100.0, "percent_branches_covered_display": "100"}, "missing_lines": [], "excluded_lines": [10, 11], "start_line": 1, "executed_branches": [], "missing_branches": []}}, "classes": {"": {"executed_lines": [1, 3, 4, 5, 6, 8, 9, 14, 15, 16, 17, 18, 19, 27, 28, 29, 30, 31, 32, 35, 36, 37, 38, 40, 41, 43, 44, 45, 46, 47, 48, 49, 50, 53, 54, 55, 56, 63, 64, 65, 66, 67, 70, 71, 72, 73, 74, 75, 76, 80, 81, 82, 83, 86, 87, 89, 90, 91, 92, 95, 97, 98, 99, 100, 101, 102, 103, 104, 107, 108, 110, 111, 112, 113, 114, 115, 116, 118, 119, 120, 121, 122, 133, 136, 137, 138, 139, 143, 144, 145, 146, 147, 148, 149, 150, 151, 160, 161, 162, 163, 164, 166, 167, 168, 169, 170, 171, 172, 173, 174, 175, 176, 177, 178, 179, 180, 181, 182, 191, 194, 195, 196, 198, 199, 200, 201, 202, 203, 204, 205, 206, 209, 210, 211, 212, 213, 214, 215, 216, 217, 219, 220, 222, 223, 224, 225, 226, 229, 230, 231, 233, 234, 235, 236, 237, 240, 241, 243, 244, 245, 247], "summary": {"covered_lines": 161, "num_statements": 179, "percent_covered": 87.18861209964413, "percent_covered_display": "87", "missing_lines": 18, "excluded_lines": 2, "percent_statements_covered": 89.94413407821229, "percent_statements_covered_display": "90", "num_branches": 102, "num_partial_branches": 14, "covered_branches": 84, "missing_branches": 18, "percent_branches_covered": 82.3529411764706, "percent_branches_covered_display": "82"}, "missing_lines": [42, 57, 58, 59, 60, 61, 62, 77, 88, 93, 109, 117, 141, 142, 165, 197, 227, 238], "excluded_lines": [10, 11], "start_line": 1, "executed_branches": [[16, 17], [16, 32], [18, 19], [18, 30], [27, 28], [27, 29], [30, 16], [30, 31], [40, 41], [40, 45], [41, 43], [45, 46], [45, 48], [48, 49], [48, 50], [54, 55], [54, 67], [56, 63], [63, 64], [65, 54], [65, 66], [72, 73], [72, 74], [74, 75], [86, 87], [86, 90], [87, 89], [90, 91], [90, 92], [92, 95], [97, 98], [97, 102], [99, 100], [99, 101], [102, 103], [102, 104], [108, 110], [110, 111], [110, 115], [112, 113], [112, 114], [115, 116], [116, 118], [118, 119], [118, 120], [120, 121], [120, 133], [137, 138], [143, 144], [143, 145], [146, 147], [146, 148], [149, 150], [149, 151], [162, 163], [162, 191], [164, 166], [168, 169], [168, 170], [171, 172], [171, 176], [172, 173], [172, 174], [177, 178], [177, 179], [196, 198], [211, 212], [211, 213], [219, 220], [219, 222], [223, 224], [223, 229], [224, 225], [224, 226], [226, 223], [230, 231], [230, 233], [234, 235], [234, 243], [235, 236], [235, 237], [237, 240], [244, 245], [244, 247]], "missing_branches": [[41, 42], [56, 57], [58, 59], [58, 62], [60, 58], [60, 61], [63, 54], [74, 77], [87, 88], [92, 93], [108, 109], [115, 133], [116, 117], [137, 141], [164, 165], [196, 197], [226, 227], [237, 238]]}}}, "keynetra/config/policies.py": {"executed_lines": [3, 5, 7], "summary": {"covered_lines": 3, "num_statements": 3, "percent_covered": 100.0, "percent_covered_display": "100", "missing_lines": 0, "excluded_lines": 0, "percent_statements_covered": 100.0, "percent_statements_covered_display": "100", "num_branches": 0, "num_partial_branches": 0, "covered_branches": 0, "missing_branches": 0, "percent_branches_covered": 100.0, "percent_branches_covered_display": "100"}, "missing_lines": [], "excluded_lines": [], "executed_branches": [], "missing_branches": [], "functions": {"": {"executed_lines": [3, 5, 7], "summary": {"covered_lines": 3, "num_statements": 3, "percent_covered": 100.0, "percent_covered_display": "100", "missing_lines": 0, "excluded_lines": 0, "percent_statements_covered": 100.0, "percent_statements_covered_display": "100", "num_branches": 0, "num_partial_branches": 0, "covered_branches": 0, "missing_branches": 0, "percent_branches_covered": 100.0, "percent_branches_covered_display": "100"}, "missing_lines": [], "excluded_lines": [], "start_line": 1, "executed_branches": [], "missing_branches": []}}, "classes": {"": {"executed_lines": [3, 5, 7], "summary": {"covered_lines": 3, "num_statements": 3, "percent_covered": 100.0, "percent_covered_display": "100", "missing_lines": 0, "excluded_lines": 0, "percent_statements_covered": 100.0, "percent_statements_covered_display": "100", "num_branches": 0, "num_partial_branches": 0, "covered_branches": 0, "missing_branches": 0, "percent_branches_covered": 100.0, "percent_branches_covered_display": "100"}, "missing_lines": [], "excluded_lines": [], "start_line": 1, "executed_branches": [], "missing_branches": []}}}, "keynetra/config/rate_limit.py": {"executed_lines": [3, 5, 6, 7, 8, 9, 10, 11, 12, 14, 15, 16, 18, 19, 20, 21, 22, 24, 27, 28, 29, 30, 33, 34, 35, 36, 76, 77, 78, 79, 80, 81, 83, 86, 87, 89, 90, 91, 92, 93, 94, 95, 96, 98, 99, 100, 101, 102, 103, 104, 105, 106, 107, 108, 109, 111, 112, 113, 114, 124, 125, 126, 127, 128, 133, 154, 155, 156, 157, 158, 159, 160, 161, 162, 163, 164, 167, 168, 169, 171, 172, 187, 188, 189, 190, 191], "summary": {"covered_lines": 86, "num_statements": 91, "percent_covered": 93.45794392523365, "percent_covered_display": "93", "missing_lines": 5, "excluded_lines": 0, "percent_statements_covered": 94.50549450549451, "percent_statements_covered_display": "95", "num_branches": 16, "num_partial_branches": 0, "covered_branches": 14, "missing_branches": 2, "percent_branches_covered": 87.5, "percent_branches_covered_display": "88"}, "missing_lines": [136, 137, 138, 145, 146], "excluded_lines": [], "executed_branches": [[86, 87], [86, 89], [90, 91], [90, 92], [105, 106], [105, 107], [112, 113], [112, 154], [127, 128], [127, 133], [156, 157], [156, 159], [162, 163], [162, 167]], "missing_branches": [[145, 146], [145, 154]], "functions": {"RateLimitMiddleware.__init__": {"executed_lines": [78, 79, 80, 81], "summary": {"covered_lines": 4, "num_statements": 4, "percent_covered": 100.0, "percent_covered_display": "100", "missing_lines": 0, "excluded_lines": 0, "percent_statements_covered": 100.0, "percent_statements_covered_display": "100", "num_branches": 0, "num_partial_branches": 0, "covered_branches": 0, "missing_branches": 0, "percent_branches_covered": 100.0, "percent_branches_covered_display": "100"}, "missing_lines": [], "excluded_lines": [], "start_line": 77, "executed_branches": [], "missing_branches": []}, "RateLimitMiddleware.dispatch": {"executed_lines": [86, 87, 89, 90, 91, 92, 93, 94, 95, 96], "summary": {"covered_lines": 10, "num_statements": 10, "percent_covered": 100.0, "percent_covered_display": "100", "missing_lines": 0, "excluded_lines": 0, "percent_statements_covered": 100.0, "percent_statements_covered_display": "100", "num_branches": 4, "num_part
[...]
": 1, "excluded_lines": 0, "percent_statements_covered": 97.5609756097561, "percent_statements_covered_display": "98", "num_branches": 8, "num_partial_branches": 1, "covered_branches": 7, "missing_branches": 1, "percent_branches_covered": 87.5, "percent_branches_covered_display": "88"}, "missing_lines": [110], "excluded_lines": [], "executed_branches": [[43, 44], [43, 55], [98, 99], [98, 100], [107, 108], [107, 109], [109, 111]], "missing_branches": [[109, 110]], "functions": {"RelationshipService.__init__": {"executed_lines": [28, 29, 30, 31, 32, 33], "summary": {"covered_lines": 6, "num_statements": 6, "percent_covered": 100.0, "percent_covered_display": "100", "missing_lines": 0, "excluded_lines": 0, "percent_statements_covered": 100.0, "percent_statements_covered_display": "100", "num_branches": 0, "num_partial_branches": 0, "covered_branches": 0, "missing_branches": 0, "percent_branches_covered": 100.0, "percent_branches_covered_display": "100"}, "missing_lines": [], "excluded_lines": [], "start_line": 19, "executed_branches": [], "missing_branches": []}, "RelationshipService.list_relationships": {"executed_lines": [38, 39, 42, 43, 44, 49, 55], "summary": {"covered_lines": 7, "num_statements": 7, "percent_covered": 100.0, "percent_covered_display": "100", "missing_lines": 0, "excluded_lines": 0, "percent_statements_covered": 100.0, "percent_statements_covered_display": "100", "num_branches": 2, "num_partial_branches": 0, "covered_branches": 2, "missing_branches": 0, "percent_branches_covered": 100.0, "percent_branches_covered_display": "100"}, "missing_lines": [], "excluded_lines": [], "start_line": 35, "executed_branches": [[43, 44], [43, 55]], "missing_branches": []}, "RelationshipService.list_relationships_page": {"executed_lines": [66, 67, 74], "summary": {"covered_lines": 3, "num_statements": 3, "percent_covered": 100.0, "percent_covered_display": "100", "missing_lines": 0, "excluded_lines": 0, "percent_statements_covered": 100.0, "percent_statements_covered_display": "100", "num_branches": 0, "num_partial_branches": 0, "covered_branches": 0, "missing_branches": 0, "percent_branches_covered": 100.0, "percent_branches_covered_display": "100"}, "missing_lines": [], "excluded_lines": [], "start_line": 57, "executed_branches": [], "missing_branches": []}, "RelationshipService.create_relationship": {"executed_lines": [86, 87, 95, 98, 99, 100, 101, 102], "summary": {"covered_lines": 8, "num_statements": 8, "percent_covered": 100.0, "percent_covered_display": "100", "missing_lines": 0, "excluded_lines": 0, "percent_statements_covered": 100.0, "percent_statements_covered_display": "100", "num_branches": 2, "num_partial_branches": 0, "covered_branches": 2, "missing_branches": 0, "percent_branches_covered": 100.0, "percent_branches_covered_display": "100"}, "missing_lines": [], "excluded_lines": [], "start_line": 76, "executed_branches": [[98, 99], [98, 100]], "missing_branches": []}, "RelationshipService._require_tenant": {"executed_lines": [105, 106, 107, 108, 109, 111], "summary": {"covered_lines": 6, "num_statements": 7, "percent_covered": 81.81818181818181, "percent_covered_display": "82", "missing_lines": 1, "excluded_lines": 0, "percent_statements_covered": 85.71428571428571, "percent_statements_covered_display": "86", "num_branches": 4, "num_partial_branches": 1, "covered_branches": 3, "missing_branches": 1, "percent_branches_covered": 75.0, "percent_branches_covered_display": "75"}, "missing_lines": [110], "excluded_lines": [], "start_line": 104, "executed_branches": [[107, 108], [107, 109], [109, 111]], "missing_branches": [[109, 110]]}, "": {"executed_lines": [3, 5, 6, 13, 16, 19, 35, 57, 76, 104], "summary": {"covered_lines": 10, "num_statements": 10, "percent_covered": 100.0, "percent_covered_display": "100", "missing_lines": 0, "excluded_lines": 0, "percent_statements_covered": 100.0, "percent_statements_covered_display": "100", "num_branches": 0, "num_partial_branches": 0, "covered_branches": 0, "missing_branches": 0, "percent_branches_covered": 100.0, "percent_branches_covered_display": "100"}, "missing_lines": [], "excluded_lines": [], "start_line": 1, "executed_branches": [], "missing_branches": []}}, "classes": {"RelationshipService": {"executed_lines": [28, 29, 30, 31, 32, 33, 38, 39, 42, 43, 44, 49, 55, 66, 67, 74, 86, 87, 95, 98, 99, 100, 101, 102, 105, 106, 107, 108, 109, 111], "summary": {"covered_lines": 30, "num_statements": 31, "percent_covered": 94.87179487179488, "percent_covered_display": "95", "missing_lines": 1, "excluded_lines": 0, "percent_statements_covered": 96.7741935483871, "percent_statements_covered_display": "97", "num_branches": 8, "num_partial_branches": 1, "covered_branches": 7, "missing_branches": 1, "percent_branches_covered": 87.5, "percent_branches_covered_display": "88"}, "missing_lines": [110], "excluded_lines": [], "start_line": 16, "executed_branches": [[43, 44], [43, 55], [98, 99], [98, 100], [107, 108], [107, 109], [109, 111]], "missing_branches": [[109, 110]]}, "": {"executed_lines": [3, 5, 6, 13, 16, 19, 35, 57, 76, 104], "summary": {"covered_lines": 10, "num_statements": 10, "percent_covered": 100.0, "percent_covered_display": "100", "missing_lines": 0, "excluded_lines": 0, "percent_statements_covered": 100.0, "percent_statements_covered_display": "100", "num_branches": 0, "num_partial_branches": 0, "covered_branches": 0, "missing_branches": 0, "percent_branches_covered": 100.0, "percent_branches_covered_display": "100"}, "missing_lines": [], "excluded_lines": [], "start_line": 1, "executed_branches": [], "missing_branches": []}}}, "keynetra/services/resilience.py": {"executed_lines": [3, 5, 6, 7, 8, 9, 10, 12, 13, 18, 20, 21, 24, 25, 26, 27, 28, 29, 33, 34, 38, 41, 44, 45, 46, 47, 48, 49, 50, 51, 52, 53, 56, 59, 60, 61, 62, 63, 64, 65, 66, 67, 68, 69], "summary": {"covered_lines": 44, "num_statements": 44, "percent_covered": 98.0, "percent_covered_display": "98", "missing_lines": 0, "excluded_lines": 0, "percent_statements_covered": 100.0, "percent_statements_covered_display": "100", "num_branches": 6, "num_partial_branches": 1, "covered_branches": 5, "missing_branches": 1, "percent_branches_covered": 83.33333333333333, "percent_branches_covered_display": "83"}, "missing_lines": [], "excluded_lines": [], "executed_branches": [[28, 29], [28, 34], [60, 61], [65, 66], [65, 67]], "missing_branches": [[60, 68]], "functions": {"_get_executor": {"executed_lines": [25, 26, 27, 28, 29, 33, 34], "summary": {"covered_lines": 7, "num_statements": 7, "percent_covered": 100.0, "percent_covered_display": "100", "missing_lines": 0, "excluded_lines": 0, "percent_statements_covered": 100.0, "percent_statements_covered_display": "100", "num_branches": 2, "num_partial_branches": 0, "covered_branches": 2, "missing_branches": 0, "percent_branches_covered": 100.0, "percent_branches_covered_display": "100"}, "missing_lines": [], "excluded_lines": [], "start_line": 24, "executed_branches": [[28, 29], [28, 34]], "missing_branches": []}, "with_timeout": {"executed_lines": [44, 45, 46, 47, 48, 49, 50, 51, 52, 53], "summary": {"covered_lines": 10, "num_statements": 10, "percent_covered": 100.0, "percent_covered_display": "100", "missing_lines": 0, "excluded_lines": 0, "percent_statements_covered": 100.0, "percent_statements_covered_display": "100", "num_branches": 0, "num_partial_branches": 0, "covered_branches": 0, "missing_branches": 0, "percent_branches_covered": 100.0, "percent_branches_covered_display": "100"}, "missing_lines": [], "excluded_lines": [], "start_line": 41, "executed_branches": [], "missing_branches": []}, "retry": {"executed_lines": [59, 60, 61, 62, 63, 64, 65, 66, 67, 68, 69], "summary": {"covered_lines": 11, "num_statements": 11, "percent_covered": 93.33333333333333, "percent_covered_display": "93", "missing_lines": 0, "excluded_lines": 0, "percent_statements_covered": 100.0, "percent_statements_covered_display": "100", "num_branches": 4, "num_partial_branches": 1, "covered_branches": 3, "missing_branches": 1, "percent_branches_covered": 75.0, "percent_branches_covered_display": "75"}, "missing_lines": [], "excluded_lines": [], "start_line": 56, "executed_branches": [[60, 61], [65, 66], [65, 67]], "missing_branches": [[60, 68]]}, "": {"executed_lines": [3, 5, 6, 7, 8, 9, 10, 12, 13, 18, 20, 21, 24, 38, 41, 56], "summary": {"covered_lines": 16, "num_statements": 16, "percent_covered": 100.0, "percent_covered_display": "100", "missing_lines": 0, "excluded_lines": 0, "percent_statements_covered": 100.0, "percent_statements_covered_display": "100", "num_branches": 0, "num_partial_branches": 0, "covered_branches": 0, "missing_branches": 0, "percent_branches_covered": 100.0, "percent_branches_covered_display": "100"}, "missing_lines": [], "excluded_lines": [], "start_line": 1, "executed_branches": [], "missing_branches": []}}, "classes": {"": {"executed_lines": [3, 5, 6, 7, 8, 9, 10, 12, 13, 18, 20, 21, 24, 25, 26, 27, 28, 29, 33, 34, 38, 41, 44, 45, 46, 47, 48, 49, 50, 51, 52, 53, 56, 59, 60, 61, 62, 63, 64, 65, 66, 67, 68, 69], "summary": {"covered_lines": 44, "num_statements": 44, "percent_covered": 98.0, "percent_covered_display": "98", "missing_lines": 0, "excluded_lines": 0, "percent_statements_covered": 100.0, "percent_statements_covered_display": "100", "num_branches": 6, "num_partial_branches": 1, "covered_branches": 5, "missing_branches": 1, "percent_branches_covered": 83.33333333333333, "percent_branches_covered_display": "83"}, "missing_lines": [], "excluded_lines": [], "start_line": 1, "executed_branches": [[28, 29], [28, 34], [60, 61], [65, 66], [65, 67]], "missing_branches": [[60, 68]]}}}, "keynetra/services/revisions.py": {"executed_lines": [3, 5, 6, 7, 10, 13, 14, 16, 17, 18, 19, 21, 23, 25, 26, 27, 28, 29, 30, 32, 33, 34, 35, 36, 37, 38], "summary": {"covered_lines": 26, "num_statements": 30, "percent_covered": 80.95238095238095, "percent_covered_display": "81", "missing_lines": 4, "excluded_lines": 0, "percent_statements_covered": 86.66666666666667, "percent_statements_covered_display": "87", "num_branches": 12, "num_partial_branches": 4, "covered_branches": 8, "missing_branches": 4, "percent_branches_covered": 66.66666666666667, "percent_branches_covered_display": "67"}, "missing_lines": [20, 22, 31, 39], "excluded_lines": [], "executed_branches": [[19, 21], [21, 23], [28, 29], [28, 30], [30, 32], [33, 34], [36, 37], [36, 38]], "missing_branches": [[19, 20], [21, 22], [30, 31], [33, 39]], "functions": {"RevisionService.__init__": {"executed_lines": [14], "summary": {"covered_lines": 1, "num_statements": 1, "percent_covered": 100.0, "percent_covered_display": "100", "missing_lines": 0, "excluded_lines": 0, "percent_statements_covered": 100.0, "percent_statements_covered_display": "100", "num_branches": 0, "num_partial_branches": 0, "covered_branches": 0, "missing_branches": 0, "percent_branches_covered": 100.0, "percent_branches_covered_display": "100"}, "missing_lines": [], "excluded_lines": [], "start_line": 13, "executed_branches": [], "missing_branches": []}, "RevisionService.get_revision": {"executed_lines": [17, 18, 19, 21, 23], "summary": {"covered_lines": 5, "num_statements": 7, "percent_covered": 63.63636363636363, "percent_covered_display": "64", "missing_lines": 2, "excluded_lines": 0, "percent_statements_covered": 71.42857142857143, "percent_statements_covered_display": "71", "num_branches": 4, "num_partial_branches": 2, "covered_branches": 2, "missing_branches": 2, "percent_branches_covered": 50.0, "percent_branches_covered_display": "50"}, "missing_lines": [20, 22], "excluded_lines": [], "start_line": 16, "executed_branches": [[19, 21], [21, 23]], "missing_branches": [[19, 20], [21, 22]]}, "RevisionService.bump_revision": {"executed_lines": [26, 27, 28, 29, 30, 32, 33, 34, 35, 36, 37, 38], "summary": {"covered_lines": 12, "num_statements": 14, "percent_covered": 81.81818181818181, "percent_covered_display": "82", "missing_lines": 2, "excluded_lines": 0, "percent_statements_covered": 85.71428571428571, "percent_statements_covered_display": "86", "num_branches": 8, "num_partial_branches": 2, "covered_branches": 6, "missing_branches": 2, "percent_branches_covered": 75.0, "percent_branches_covered_display": "75"}, "missing_lines": [31, 39], "excluded_lines": [], "start_line": 25, "executed_branches": [[28, 29], [28, 30], [30, 32], [33, 34], [36, 37], [36, 38]], "missing_branches": [[30, 31], [33, 39]]}, "": {"executed_lines": [3, 5, 6, 7, 10, 13, 16, 25], "summary": {"covered_lines": 8, "num_statements": 8, "percent_covered": 100.0, "percent_covered_display": "100", "missing_lines": 0, "excluded_lines": 0, "percent_statements_covered": 100.0, "percent_statements_covered_display": "100", "num_branches": 0, "num_partial_branches": 0, "covered_branches": 0, "missing_branches": 0, "percent_branches_covered": 100.0, "percent_branches_covered_display": "100"}, "missing_lines": [], "excluded_lines": [], "start_line": 1, "executed_branches": [], "missing_branches": []}}, "classes": {"RevisionService": {"executed_lines": [14, 17, 18, 19, 21, 23, 26, 27, 28, 29, 30, 32, 33, 34, 35, 36, 37, 38], "summary": {"covered_lines": 18, "num_statements": 22, "percent_covered": 76.47058823529412, "percent_covered_display": "76", "missing_lines": 4, "excluded_lines": 0, "percent_statements_covered": 81.81818181818181, "percent_statements_covered_display": "82", "num_branches": 12, "num_partial_branches": 4, "covered_branches": 8, "missing_branches": 4, "percent_branches_covered": 66.66666666666667, "percent_branches_covered_display": "67"}, "missing_lines": [20, 22, 31, 39], "excluded_lines": [], "start_line": 10, "executed_branches": [[19, 21], [21, 23], [28, 29], [28, 30], [30, 32], [33, 34], [36, 37], [36, 38]], "missing_branches": [[19, 20], [21, 22], [30, 31], [33, 39]]}, "": {"executed_lines": [3, 5, 6, 7, 10, 13, 16, 25], "summary": {"covered_lines": 8, "num_statements": 8, "percent_covered": 100.0, "percent_covered_display": "100", "missing_lines": 0, "excluded_lines": 0, "percent_statements_covered": 100.0, "percent_statements_covered_display": "100", "num_branches": 0, "num_partial_branches": 0, "covered_branches": 0, "missing_branches": 0, "percent_branches_covered": 100.0, "percent_branches_covered_display": "100"}, "missing_lines": [], "excluded_lines": [], "start_line": 1, "executed_branches": [], "missing_branches": []}}}, "keynetra/utils/datetime.py": {"executed_lines": [1, 3, 6, 7, 10, 11, 12, 13, 16, 17], "summary": {"covered_lines": 10, "num_statements": 10, "percent_covered": 100.0, "percent_covered_display": "100", "missing_lines": 0, "excluded_lines": 0, "percent_statements_covered": 100.0, "percent_statements_covered_display": "100", "num_branches": 2, "num_partial_branches": 0, "covered_branches": 2, "missing_branches": 0, "percent_branches_covered": 100.0, "percent_branches_covered_display": "100"}, "missing_lines": [], "excluded_lines": [], "executed_branches": [[11, 12], [11, 13]], "missing_branches": [], "functions": {"utc_now": {"executed_lines": [7], "summary": {"covered_lines": 1, "num_statements": 1, "percent_covered": 100.0, "percent_covered_display": "100", "missing_lines": 0, "excluded_lines": 0, "percent_statements_covered": 100.0, "percent_statements_covered_display": "100", "num_branches": 0, "num_partial_branches": 0, "covered_branches": 0, "missing_branches": 0, "percent_branches_covered": 100.0, "percent_branches_covered_display": "100"}, "missing_lines": [], "excluded_lines": [], "start_line": 6, "executed_branches": [], "missing_branches": []}, "ensure_utc_datetime": {"executed_lines": [11, 12, 13], "summary": {"covered_lines": 3, "num_statements": 3, "percent_covered": 100.0, "percent_covered_display": "100", "missing_lines": 0, "excluded_lines": 0, "percent_statements_covered": 100.0, "percent_statements_covered_display": "100", "num_branches": 2, "num_partial_branches": 0, "covered_branches": 2, "missing_branches": 0, "percent_branches_covered": 100.0, "percent_branches_covered_display": "100"}, "missing_lines": [], "excluded_lines": [], "start_line": 10, "executed_branches": [[11, 12], [11, 13]], "missing_branches": []}, "isoformat_z": {"executed_lines": [17], "summary": {"covered_lines": 1, "num_statements": 1, "percent_covered": 100.0, "percent_covered_display": "100", "missing_lines": 0, "excluded_lines": 0, "percent_statements_covered": 100.0, "percent_statements_covered_display": "100", "num_branches": 0, "num_partial_branches": 0, "covered_branches": 0, "missing_branches": 0, "percent_branches_covered": 100.0, "percent_branches_covered_display": "100"}, "missing_lines": [], "excluded_lines": [], "start_line": 16, "executed_branches": [], "missing_branches": []}, "": {"executed_lines": [1, 3, 6, 10, 16], "summary": {"covered_lines": 5, "num_statements": 5, "percent_covered": 100.0, "percent_covered_display": "100", "missing_lines": 0, "excluded_lines": 0, "percent_statements_covered": 100.0, "percent_statements_covered_display": "100", "num_branches": 0, "num_partial_branches": 0, "covered_branches": 0, "missing_branches": 0, "percent_branches_covered": 100.0, "percent_branches_covered_display": "100"}, "missing_lines": [], "excluded_lines": [], "start_line": 1, "executed_branches": [], "missing_branches": []}}, "classes": {"": {"executed_lines": [1, 3, 6, 7, 10, 11, 12, 13, 16, 17], "summary": {"covered_lines": 10, "num_statements": 10, "percent_covered": 100.0, "percent_covered_display": "100", "missing_lines": 0, "excluded_lines": 0, "percent_statements_covered": 100.0, "percent_statements_covered_display": "100", "num_branches": 2, "num_partial_branches": 0, "covered_branches": 2, "missing_branches": 0, "percent_branches_covered": 100.0, "percent_branches_covered_display": "100"}, "missing_lines": [], "excluded_lines": [], "start_line": 1, "executed_branches": [[11, 12], [11, 13]], "missing_branches": []}}}, "keynetra/version.py": {"executed_lines": [1, 2, 4], "summary": {"covered_lines": 3, "num_statements": 3, "percent_covered": 100.0, "percent_covered_display": "100", "missing_lines": 0, "excluded_lines": 0, "percent_statements_covered": 100.0, "percent_statements_covered_display": "100", "num_branches": 0, "num_partial_branches": 0, "covered_branches": 0, "missing_branches": 0, "percent_branches_covered": 100.0, "percent_branches_covered_display": "100"}, "missing_lines": [], "excluded_lines": [], "executed_branches": [], "missing_branches": [], "functions": {"": {"executed_lines": [1, 2, 4], "summary": {"covered_lines": 3, "num_statements": 3, "percent_covered": 100.0, "percent_covered_display": "100", "missing_lines": 0, "excluded_lines": 0, "percent_statements_covered": 100.0, "percent_statements_covered_display": "100", "num_branches": 0, "num_partial_branches": 0, "covered_branches": 0, "missing_branches": 0, "percent_branches_covered": 100.0, "percent_branches_covered_display": "100"}, "missing_lines": [], "excluded_lines": [], "start_line": 1, "executed_branches": [], "missing_branches": []}}, "classes": {"": {"executed_lines": [1, 2, 4], "summary": {"covered_lines": 3, "num_statements": 3, "percent_covered": 100.0, "percent_covered_display": "100", "missing_lines": 0, "excluded_lines": 0, "percent_statements_covered": 100.0, "percent_statements_covered_display": "100", "num_branches": 0, "num_partial_branches": 0, "covered_branches": 0, "missing_branches": 0, "percent_branches_covered": 100.0, "percent_branches_covered_display": "100"}, "missing_lines": [], "excluded_lines": [], "start_line": 1, "executed_branches": [], "missing_branches": []}}}}, "totals": {"covered_lines": 2940, "num_statements": 3126, "percent_covered": 91.26898047722342, "percent_covered_display": "91", "missing_lines": 186, "excluded_lines": 333, "percent_statements_covered": 94.04990403071017, "percent_statements_covered_display": "94", "num_branches": 562, "num_partial_branches": 118, "covered_branches": 426, "missing_branches": 136, "percent_branches_covered": 75.80071174377224, "percent_branches_covered_display": "76"}}